#
# A fatal error has been detected by the Java Runtime Environment:
#
#  EXCEPTION_ACCESS_VIOLATION (0xc0000005) at pc=0x000000006400c12a, pid=8452, tid=0x000000000000220c
#
# JRE version: Java(TM) SE Runtime Environment (8.0_191-b12) (build 1.8.0_191-b12)
# Java VM: Java HotSpot(TM) 64-Bit Server VM (25.191-b12 mixed mode windows-amd64 compressed oops)
# Problematic frame:
# V  [jvm.dll+0x13c12a]
#
# Failed to write core dump. Minidumps are not enabled by default on client versions of Windows
#
# If you would like to submit a bug report, please visit:
#   http://bugreport.java.com/bugreport/crash.jsp
#

---------------  T H R E A D  ---------------

Current thread (0x0000000015667800):  JavaThread "JDWP Transport Listener: dt_socket" daemon [_thread_in_vm, id=8716, stack(0x00000000170e0000,0x00000000171e0000)]

siginfo: ExceptionCode=0xc0000005, reading address 0xffffffffffffffff

Registers:
RAX=0x000000001526c3f0, RBX=0x00000000171df110, RCX=0x0b193304b6680415, RDX=0x000000000000ca0f
RSP=0x00000000171ded60, RBP=0x000000001526c456, RSI=0x0000000000000002, RDI=0x0000000000000008
R8 =0x0000000000000000, R9 =0x0000000000000000, R10=0x0000000000000000, R11=0x0000000000000000
R12=0x000000001526c478, R13=0x0000000015667db0, R14=0x0000000015668188, R15=0x00000000000003d8
RIP=0x000000006400c12a, EFLAGS=0x0000000000010206

Top of Stack: (sp=0x00000000171ded60)
0x00000000171ded60:   00000000030556d0 0000000000000000
0x00000000171ded70:   0000000002ecde48 0000000002ecddf0
0x00000000171ded80:   0000000000000008 000000006408f198
0x00000000171ded90:   00000000171df110 0000000064117480
0x00000000171deda0:   00000000171df350 0000000000000000
0x00000000171dedb0:   0000000000000000 0000000000000000
0x00000000171dedc0:   0000000002ecddf0 0000000003067bc5
0x00000000171dedd0:   00000000030556d0 0000000000000000
0x00000000171dede0:   0000000002ecde48 0000000002ecddf0
0x00000000171dedf0:   0000000000000000 000000006408f360
0x00000000171dee00:   0000000015627760 0000000015667800
0x00000000171dee10:   0000000017de3120 00000000171df110
0x00000000171dee20:   00000000171df110 000000006411bda0
0x00000000171dee30:   0000000000000000 00000000156679f8
0x00000000171dee40:   0000000000002290 00000000640804d3
0x00000000171dee50:   0000c727c510fe47 0000000015668280 

Instructions: (pc=0x000000006400c12a)
0x000000006400c10a:   ff ca 88 41 ff 75 ef 43 c6 04 10 00 49 8b c2 c3
0x000000006400c11a:   cc cc cc cc cc cc 48 89 5c 24 08 57 48 83 ec 20
0x000000006400c12a:   0f b7 39 48 8b d9 33 d2 ff c7 48 63 cf e8 64 1b
0x000000006400c13a:   fb ff 4c 8b d8 85 ff 7e 45 44 0f b7 03 8d 57 ff 


Register to memory mapping:

RAX=0x000000001526c3f0 is pointing into metadata
RBX=0x00000000171df110 is pointing into the stack for thread: 0x0000000015667800
RCX=0x0b193304b6680415 is an unknown value
RDX=0x000000000000ca0f is an unknown value
RSP=0x00000000171ded60 is pointing into the stack for thread: 0x0000000015667800
RBP=0x000000001526c456 is pointing into metadata
RSI=0x0000000000000002 is an unknown value
RDI=0x0000000000000008 is an unknown value
R8 =0x0000000000000000 is an unknown value
R9 =0x0000000000000000 is an unknown value
R10=0x0000000000000000 is an unknown value
R11=0x0000000000000000 is an unknown value
R12={method} {0x000000001526c480} 'loginApp' '()V' in 'com/learautomation/testcases/LoginTestCRM'
R13=0x0000000015667db0 is an unknown value
R14=0x0000000015668188 is an unknown value
R15=0x00000000000003d8 is an unknown value


Stack: [0x00000000170e0000,0x00000000171e0000],  sp=0x00000000171ded60,  free space=1019k
Native frames: (J=compiled Java code, j=interpreted, Vv=VM code, C=native code)
V  [jvm.dll+0x13c12a]
V  [jvm.dll+0x1bf198]
V  [jvm.dll+0x1bf360]
V  [jvm.dll+0x24bda0]
V  [jvm.dll+0x1a7ddc]
V  [jvm.dll+0x341ff5]
C  [jdwp.dll+0x7b0b]
C  [jdwp.dll+0xf15d]
C  [jdwp.dll+0x1f5c9]
C  [jdwp.dll+0x1f79e]
V  [jvm.dll+0x1be2ca]
V  [jvm.dll+0x2461df]
V  [jvm.dll+0x29eb9a]
C  [msvcr100.dll+0x21d9f]
C  [msvcr100.dll+0x21e3b]
C  [KERNEL32.DLL+0x18102]
C  [ntdll.dll+0x5c5b4]


---------------  P R O C E S S  ---------------

Java Threads: ( => current thread )
  0x0000000017d95000 JavaThread "ReaderThread" [_thread_in_native, id=8200, stack(0x00000000185e0000,0x00000000186e0000)]
  0x0000000017510000 JavaThread "Service Thread" daemon [_thread_blocked, id=4068, stack(0x0000000017ae0000,0x0000000017be0000)]
  0x0000000017503000 JavaThread "C1 CompilerThread2" daemon [_thread_blocked, id=3276, stack(0x00000000179e0000,0x0000000017ae0000)]
  0x00000000156be000 JavaThread "C2 CompilerThread1" daemon [_thread_blocked, id=1672, stack(0x00000000178e0000,0x00000000179e0000)]
  0x0000000015687800 JavaThread "C2 CompilerThread0" daemon [_thread_blocked, id=3428, stack(0x00000000173e0000,0x00000000174e0000)]
  0x000000001567b800 JavaThread "JDWP Command Reader" daemon [_thread_in_native, id=1596, stack(0x00000000172e0000,0x00000000173e0000)]
  0x0000000015678000 JavaThread "JDWP Event Helper Thread" daemon [_thread_blocked, id=5444, stack(0x00000000171e0000,0x00000000172e0000)]
=>0x0000000015667800 JavaThread "JDWP Transport Listener: dt_socket" daemon [_thread_in_vm, id=8716, stack(0x00000000170e0000,0x00000000171e0000)]
  0x000000001565e000 JavaThread "Attach Listener" daemon [_thread_blocked, id=4564, stack(0x0000000016ba0000,0x0000000016ca0000)]
  0x0000000015669800 JavaThread "Signal Dispatcher" daemon [_thread_blocked, id=9356, stack(0x0000000016aa0000,0x0000000016ba0000)]
  0x000000001564b000 JavaThread "Finalizer" daemon [_thread_blocked, id=5992, stack(0x00000000168c0000,0x00000000169c0000)]
  0x0000000003043800 JavaThread "Reference Handler" daemon [_thread_blocked, id=8760, stack(0x00000000167c0000,0x00000000168c0000)]
  0x0000000002f53800 JavaThread "main" [_thread_blocked, id=2916, stack(0x0000000002dd0000,0x0000000002ed0000)]

Other Threads:
  0x0000000015628000 VMThread [stack: 0x00000000166c0000,0x00000000167c0000] [id=4228]
  0x0000000017535000 WatcherThread [stack: 0x0000000017be0000,0x0000000017ce0000] [id=8648]

VM state:not at safepoint (normal execution)

VM Mutex/Monitor currently owned by a thread: None

Heap:
 PSYoungGen      total 18944K, used 6244K [0x00000000eb180000, 0x00000000ec680000, 0x0000000100000000)
  eden space 16384K, 22% used [0x00000000eb180000,0x00000000eb51ae70,0x00000000ec180000)
  from space 2560K, 99% used [0x00000000ec180000,0x00000000ec3fe308,0x00000000ec400000)
  to   space 2560K, 0% used [0x00000000ec400000,0x00000000ec400000,0x00000000ec680000)
 ParOldGen       total 44032K, used 906K [0x00000000c1400000, 0x00000000c3f00000, 0x00000000eb180000)
  object space 44032K, 2% used [0x00000000c1400000,0x00000000c14e2910,0x00000000c3f00000)
 Metaspace       used 9101K, capacity 9234K, committed 9344K, reserved 1056768K
  class space    used 1098K, capacity 1139K, committed 1152K, reserved 1048576K

Card table byte_map: [0x0000000012410000,0x0000000012610000] byte_map_base: 0x0000000011e06000

Marking Bits: (ParMarkBitMap*) 0x00000000646f3e30
 Begin Bits: [0x0000000012b60000, 0x0000000013b10000)
 End Bits:   [0x0000000013b10000, 0x0000000014ac0000)

Polling page: 0x0000000001210000

CodeCache: size=245760Kb used=2750Kb max_used=2773Kb free=243009Kb
 bounds [0x0000000003050000, 0x0000000003310000, 0x0000000012050000]
 total_blobs=937 nmethods=621 adapters=237
 compilation: enabled

Compilation events (10 events):
Event: 1.097 Thread 0x0000000017503000 nmethod 617 0x00000000032f9b10 code [0x00000000032f9c60, 0x00000000032f9d70]
Event: 1.097 Thread 0x0000000017503000  618       1       org.testng.shaded.com.google.gson.reflect.TypeToken::hashCode (5 bytes)
Event: 1.097 Thread 0x0000000017503000 nmethod 618 0x00000000032f9dd0 code [0x00000000032f9f20, 0x00000000032fa030]
Event: 1.098 Thread 0x0000000017503000  619       1       java.util.Collections$EmptyIterator::hasNext (2 bytes)
Event: 1.098 Thread 0x0000000017503000 nmethod 619 0x00000000032fa090 code [0x00000000032fa1e0, 0x00000000032fa2f0]
Event: 1.099 Thread 0x0000000017503000  620       3       java.nio.Buffer::position (43 bytes)
Event: 1.099 Thread 0x0000000017503000 nmethod 620 0x00000000032fa350 code [0x00000000032fa4c0, 0x00000000032fa7a8]
Event: 1.106 Thread 0x0000000017503000  621       3       java.util.zip.InflaterInputStream::<init> (79 bytes)
Event: 1.106 Thread 0x0000000017503000 nmethod 621 0x00000000032fa890 code [0x00000000032faa60, 0x00000000032fb158]
Event: 1.155 Thread 0x0000000015687800 nmethod 588 0x0000000003301350 code [0x00000000033015a0, 0x00000000033047f0]

GC Heap History (2 events):
Event: 1.081 GC heap before
{Heap before GC invocations=1 (full 0):
 PSYoungGen      total 18944K, used 16384K [0x00000000eb180000, 0x00000000ec680000, 0x0000000100000000)
  eden space 16384K, 100% used [0x00000000eb180000,0x00000000ec180000,0x00000000ec180000)
  from space 2560K, 0% used [0x00000000ec400000,0x00000000ec400000,0x00000000ec680000)
  to   space 2560K, 0% used [0x00000000ec180000,0x00000000ec180000,0x00000000ec400000)
 ParOldGen       total 44032K, used 0K [0x00000000c1400000, 0x00000000c3f00000, 0x00000000eb180000)
  object space 44032K, 0% used [0x00000000c1400000,0x00000000c1400000,0x00000000c3f00000)
 Metaspace       used 8499K, capacity 8620K, committed 8832K, reserved 1056768K
  class space    used 1002K, capacity 1042K, committed 1152K, reserved 1048576K
Event: 1.086 GC heap after
Heap after GC invocations=1 (full 0):
 PSYoungGen      total 18944K, used 2552K [0x00000000eb180000, 0x00000000ec680000, 0x0000000100000000)
  eden space 16384K, 0% used [0x00000000eb180000,0x00000000eb180000,0x00000000ec180000)
  from space 2560K, 99% used [0x00000000ec180000,0x00000000ec3fe308,0x00000000ec400000)
  to   space 2560K, 0% used [0x00000000ec400000,0x00000000ec400000,0x00000000ec680000)
 ParOldGen       total 44032K, used 906K [0x00000000c1400000, 0x00000000c3f00000, 0x00000000eb180000)
  object space 44032K, 2% used [0x00000000c1400000,0x00000000c14e2910,0x00000000c3f00000)
 Metaspace       used 8499K, capacity 8620K, committed 8832K, reserved 1056768K
  class space    used 1002K, capacity 1042K, committed 1152K, reserved 1048576K
}

Deoptimization events (3 events):
Event: 0.427 Thread 0x0000000002f53800 Uncommon trap: reason=unstable_if action=reinterpret pc=0x0000000003188c20 method=java.lang.String.indexOf(II)I @ 49
Event: 0.697 Thread 0x0000000002f53800 Uncommon trap: reason=unstable_if action=reinterpret pc=0x00000000031fcf18 method=java.lang.String.indexOf([CII[CIII)I @ 3
Event: 1.044 Thread 0x0000000002f53800 Uncommon trap: reason=range_check action=make_not_entrant pc=0x00000000032df20c method=sun.reflect.generics.parser.SignatureParser.current()C @ 34

Classes redefined (2 events):
Event: 1569.144 Thread 0x0000000015628000 redefined class name=com.learautomation.testcases.LoginTestCRM, count=1
Event: 1658.443 Thread 0x0000000015628000 redefined class name=com.learautomation.testcases.LoginTestCRM, count=2

Internal exceptions (10 events):
Event: 0.422 Thread 0x0000000002f53800 Exception <a 'java/lang/ArrayIndexOutOfBoundsException'> (0x00000000eb4ec288) thrown at [C:\re\workspace\8-2-build-windows-amd64-cygwin\jdk8u191\11896\hotspot\src\share\vm\runtime\sharedRuntime.cpp, line 605]
Event: 0.423 Thread 0x0000000002f53800 Exception <a 'java/lang/ArrayIndexOutOfBoundsException'> (0x00000000eb4ed190) thrown at [C:\re\workspace\8-2-build-windows-amd64-cygwin\jdk8u191\11896\hotspot\src\share\vm\runtime\sharedRuntime.cpp, line 605]
Event: 0.437 Thread 0x0000000002f53800 Exception <a 'java/security/PrivilegedActionException'> (0x00000000eb50ed88) thrown at [C:\re\workspace\8-2-build-windows-amd64-cygwin\jdk8u191\11896\hotspot\src\share\vm\prims\jvm.cpp, line 1435]
Event: 0.437 Thread 0x0000000002f53800 Exception <a 'java/security/PrivilegedActionException'> (0x00000000eb50ef98) thrown at [C:\re\workspace\8-2-build-windows-amd64-cygwin\jdk8u191\11896\hotspot\src\share\vm\prims\jvm.cpp, line 1435]
Event: 0.437 Thread 0x0000000002f53800 Exception <a 'java/security/PrivilegedActionException'> (0x00000000eb511220) thrown at [C:\re\workspace\8-2-build-windows-amd64-cygwin\jdk8u191\11896\hotspot\src\share\vm\prims\jvm.cpp, line 1435]
Event: 0.437 Thread 0x0000000002f53800 Exception <a 'java/security/PrivilegedActionException'> (0x00000000eb511430) thrown at [C:\re\workspace\8-2-build-windows-amd64-cygwin\jdk8u191\11896\hotspot\src\share\vm\prims\jvm.cpp, line 1435]
Event: 0.898 Thread 0x0000000002f53800 Exception <a 'java/lang/ArrayIndexOutOfBoundsException'> (0x00000000ebad8030) thrown at [C:\re\workspace\8-2-build-windows-amd64-cygwin\jdk8u191\11896\hotspot\src\share\vm\runtime\sharedRuntime.cpp, line 605]
Event: 0.898 Thread 0x0000000002f53800 Exception <a 'java/lang/ArrayIndexOutOfBoundsException'> (0x00000000ebad8cb8) thrown at [C:\re\workspace\8-2-build-windows-amd64-cygwin\jdk8u191\11896\hotspot\src\share\vm\runtime\sharedRuntime.cpp, line 605]
Event: 1.044 Thread 0x0000000002f53800 Exception <a 'java/lang/ArrayIndexOutOfBoundsException': 65> (0x00000000ebfb6970) thrown at [C:\re\workspace\8-2-build-windows-amd64-cygwin\jdk8u191\11896\hotspot\src\share\vm\interpreter\interpreterRuntime.cpp, line 366]
Event: 1.045 Thread 0x0000000002f53800 Exception <a 'java/lang/ArrayIndexOutOfBoundsException': 60> (0x00000000ebfbc078) thrown at [C:\re\workspace\8-2-build-windows-amd64-cygwin\jdk8u191\11896\hotspot\src\share\vm\interpreter\interpreterRuntime.cpp, line 366]

Events (10 events):
Event: 1658.452 Executing VM operation: ChangeBreakpoints
Event: 1658.452 Executing VM operation: ChangeBreakpoints done
Event: 1658.460 Executing VM operation: ChangeBreakpoints
Event: 1658.461 Executing VM operation: ChangeBreakpoints done
Event: 1658.468 Executing VM operation: EnterInterpOnlyMode
Event: 1658.468 Executing VM operation: EnterInterpOnlyMode done
Event: 1658.468 Executing VM operation: GetCurrentLocation
Event: 1658.468 Executing VM operation: GetCurrentLocation done
Event: 1658.468 Executing VM operation: ChangeSingleStep
Event: 1658.468 Executing VM operation: ChangeSingleStep done


Dynamic libraries:
0x00007ff7fe7c0000 - 0x00007ff7fe7f7000 	C:\Windows\Java\bin\javaw.exe
0x00007ffe2d260000 - 0x00007ffe2d421000 	C:\Windows\SYSTEM32\ntdll.dll
0x00007ffe2cd50000 - 0x00007ffe2cdfd000 	C:\Windows\system32\KERNEL32.DLL
0x00007ffe2a120000 - 0x00007ffe2a308000 	C:\Windows\system32\KERNELBASE.dll
0x00007ffe2b740000 - 0x00007ffe2b7e7000 	C:\Windows\system32\ADVAPI32.dll
0x00007ffe2b490000 - 0x00007ffe2b52d000 	C:\Windows\system32\msvcrt.dll
0x00007ffe2ad80000 - 0x00007ffe2addb000 	C:\Windows\system32\sechost.dll
0x00007ffe2d070000 - 0x00007ffe2d18c000 	C:\Windows\system32\RPCRT4.dll
0x00007ffe2a770000 - 0x00007ffe2a8c6000 	C:\Windows\system32\USER32.dll
0x00007ffe2b180000 - 0x00007ffe2b306000 	C:\Windows\system32\GDI32.dll
0x00007ffe24330000 - 0x00007ffe245a4000 	C:\Windows\WinSxS\amd64_microsoft.windows.common-controls_6595b64144ccf1df_6.0.10586.494_none_a2d8b04ea53e3145\COMCTL32.dll
0x00007ffe2adf0000 - 0x00007ffe2b06d000 	C:\Windows\system32\combase.dll
0x00007ffe2a5f0000 - 0x00007ffe2a65a000 	C:\Windows\system32\bcryptPrimitives.dll
0x00007ffe2cfb0000 - 0x00007ffe2cfeb000 	C:\Windows\system32\IMM32.DLL
0x0000000065180000 - 0x0000000065252000 	C:\Windows\Java\bin\msvcr100.dll
0x0000000063ed0000 - 0x0000000064774000 	C:\Windows\Java\bin\server\jvm.dll
0x00007ffe2a940000 - 0x00007ffe2a948000 	C:\Windows\system32\PSAPI.DLL
0x00007ffe1f4d0000 - 0x00007ffe1f4d9000 	C:\Windows\SYSTEM32\WSOCK32.dll
0x00007ffe2a8d0000 - 0x00007ffe2a93b000 	C:\Windows\system32\WS2_32.dll
0x00007ffe27fb0000 - 0x00007ffe27fd3000 	C:\Windows\SYSTEM32\WINMM.dll
0x00007ffe220c0000 - 0x00007ffe220ca000 	C:\Windows\SYSTEM32\VERSION.dll
0x00007ffe27c50000 - 0x00007ffe27c7c000 	C:\Windows\SYSTEM32\WINMMBASE.dll
0x00007ffe29910000 - 0x00007ffe29953000 	C:\Windows\system32\cfgmgr32.dll
0x0000000065170000 - 0x000000006517f000 	C:\Windows\Java\bin\verify.dll
0x0000000065140000 - 0x0000000065169000 	C:\Windows\Java\bin\java.dll
0x0000000063e20000 - 0x0000000063e55000 	C:\Windows\Java\bin\jdwp.dll
0x00000000652c0000 - 0x00000000652c8000 	C:\Windows\Java\bin\npt.dll
0x0000000065120000 - 0x0000000065136000 	C:\Windows\Java\bin\zip.dll
0x00007ffe2b7f0000 - 0x00007ffe2cd4c000 	C:\Windows\system32\SHELL32.dll
0x00007ffe29960000 - 0x00007ffe29fa5000 	C:\Windows\system32\windows.storage.dll
0x00007ffe2b530000 - 0x00007ffe2b582000 	C:\Windows\system32\shlwapi.dll
0x00007ffe298a0000 - 0x00007ffe298af000 	C:\Windows\system32\kernel.appcore.dll
0x00007ffe2a060000 - 0x00007ffe2a115000 	C:\Windows\system32\shcore.dll
0x00007ffe298b0000 - 0x00007ffe298fb000 	C:\Windows\system32\powrprof.dll
0x00007ffe29880000 - 0x00007ffe29894000 	C:\Windows\system32\profapi.dll
0x00000000652b0000 - 0x00000000652b9000 	C:\Windows\Java\bin\dt_socket.dll
0x00007ffe186d0000 - 0x00007ffe186e6000 	C:\Windows\system32\napinsp.dll
0x00007ffe18700000 - 0x00007ffe1871a000 	C:\Windows\system32\pnrpnsp.dll
0x00007ffe26ee0000 - 0x00007ffe26ef8000 	C:\Windows\system32\NLAapi.dll
0x00007ffe291b0000 - 0x00007ffe2920c000 	C:\Windows\System32\mswsock.dll
0x00007ffe282f0000 - 0x00007ffe2839a000 	C:\Windows\SYSTEM32\DNSAPI.dll
0x00007ffe2ade0000 - 0x00007ffe2ade8000 	C:\Windows\system32\NSI.dll
0x00007ffe186f0000 - 0x00007ffe186fd000 	C:\Windows\System32\winrnr.dll
0x00007ffe18720000 - 0x00007ffe18735000 	C:\Windows\System32\wshbth.dll
0x00007ffe22100000 - 0x00007ffe22167000 	C:\Windows\System32\fwpuclnt.dll
0x00007ffe297b0000 - 0x00007ffe297d9000 	C:\Windows\SYSTEM32\bcrypt.dll
0x00007ffe216f0000 - 0x00007ffe216fa000 	C:\Windows\System32\rasadhlp.dll
0x0000000063eb0000 - 0x0000000063eca000 	C:\Windows\Java\bin\net.dll
0x00007ffe29260000 - 0x00007ffe29277000 	C:\Windows\SYSTEM32\CRYPTSP.dll
0x00007ffe28e90000 - 0x00007ffe28ec4000 	C:\Windows\system32\rsaenh.dll
0x00007ffe28fe0000 - 0x00007ffe28fff000 	C:\Windows\SYSTEM32\USERENV.dll
0x00007ffe29380000 - 0x00007ffe2938b000 	C:\Windows\SYSTEM32\CRYPTBASE.dll
0x00007ffe25120000 - 0x00007ffe25158000 	C:\Windows\SYSTEM32\IPHLPAPI.DLL
0x00007ffe25100000 - 0x00007ffe25116000 	C:\Windows\SYSTEM32\dhcpcsvc6.DLL
0x00007ffe250e0000 - 0x00007ffe250fa000 	C:\Windows\SYSTEM32\dhcpcsvc.DLL
0x0000000063e90000 - 0x0000000063ea1000 	C:\Windows\Java\bin\nio.dll
0x00007ffe27050000 - 0x00007ffe271dc000 	C:\Windows\SYSTEM32\dbghelp.dll

VM Arguments:
jvm_args: -agentlib:jdwp=transport=dt_socket,suspend=y,address=localhost:60721 -ea -Dfile.encoding=Cp1252 
java_command: org.testng.remote.RemoteTestNG -serport 60720 -protocol json -d E:\Basant\Workspace\Framework\test-output C:\Users\user\AppData\Local\Temp\testng-eclipse-474089245\testng-customsuite.xml
java_class_path (initial): E:\Basant\eclipse\configuration\org.eclipse.osgi\514\0\.cp\lib\testng-remote.jar;C:\Windows\Java\lib\resources.jar;C:\Windows\Java\lib\rt.jar;C:\Windows\Java\lib\jsse.jar;C:\Windows\Java\lib\jce.jar;C:\Windows\Java\lib\charsets.jar;C:\Windows\Java\lib\jfr.jar;C:\Windows\Java\lib\ext\access-bridge-64.jar;C:\Windows\Java\lib\ext\cldrdata.jar;C:\Windows\Java\lib\ext\dnsns.jar;C:\Windows\Java\lib\ext\jaccess.jar;C:\Windows\Java\lib\ext\jfxrt.jar;C:\Windows\Java\lib\ext\localedata.jar;C:\Windows\Java\lib\ext\nashorn.jar;C:\Windows\Java\lib\ext\sunec.jar;C:\Windows\Java\lib\ext\sunjce_provider.jar;C:\Windows\Java\lib\ext\sunmscapi.jar;C:\Windows\Java\lib\ext\sunpkcs11.jar;C:\Windows\Java\lib\ext\zipfs.jar;E:\Basant\Workspace\Framework\target\test-classes;E:\Basant\Workspace\Framework\target\classes;C:\Users\user\.m2\repository\org\seleniumhq\selenium\selenium-java\3.141.59\selenium-java-3.141.59.jar;C:\Users\user\.m2\repository\org\seleniumhq\selenium\selenium-api\3.141.59\selenium-api-3.141.59.jar;C:\Users\user\.m2\repository\org\seleniumhq\selenium\selenium-chrome-driver\3.141.59\selenium-chrome-driver-3.141.59.jar;C:\Users\user\.m2\repository\org\seleniumhq\selenium\selenium-edge-driver\3.141.59\selenium-edge-driver-3.141.59.jar;C:\Users\user\.m2\repository\org\seleniumhq\selenium\selenium-firefox-driver\3.141.59\selenium-firefox-driver-3.141.59.jar;C:\Users\user\.m2\repository\org\seleniumhq\selenium\selenium-ie-driver\3.141.59\selenium-ie-driver-3.141.59.jar;C:\Users\user\.m2\repository\org\seleniumhq\selenium\selenium-opera-driver\3.141.59\selenium-opera-driver-3.141.59.jar;C:\Users\user\.m2\repository\org\seleniumhq\selenium\selenium-remote-driver\3.141.59\selenium-remote-driver-3.141.59.jar;C:\Users\user\.m2\repository\org\seleniumhq\selenium\selenium-safari-driver\3.141.59\selenium-safari-driver-3.141.59.jar;C:\Users\user\.m2\repository\org\seleniumhq\selenium\selenium-support\3.141.59\selenium-support-3.141.59.jar;C:\Users\user\.m2\r
Launcher Type: SUN_STANDARD

Environment Variables:
JAVA_HOME=C:\Program Files\Java\jdk1.7.0_80
PATH=C:/Windows/Java/bin/server;C:/Windows/Java/bin;C:/Windows/Java/lib/amd64;C:\Program Files (x86)\Common Files\Oracle\Java\javapath;C:\Windows\system32;C:\Windows;C:\Windows\System32\Wbem;C:\Windows\System32\WindowsPowerShell\v1.0\;C:\Program Files\Java\jdk1.7.0_80;C:\Users\user\AppData\Local\GitHubDesktop\bin;C:\hadoop-2.7.7\bin;C:\hadoop-2.7.7\sbin;C:\Program Files\Java\jdk1.7.0_80\bin;E:\Basant\eclipse;
USERNAME=user
OS=Windows_NT
PROCESSOR_IDENTIFIER=Intel64 Family 6 Model 78 Stepping 3, GenuineIntel



---------------  S Y S T E M  ---------------

OS: Windows 10.0 , 64 bit Build 10586 (10.0.10586.0)

CPU:total 4 (initial active 4) (2 cores per cpu, 2 threads per core) family 6 model 78 stepping 3, cmov, cx8, fxsr, mmx, sse, sse2, sse3, ssse3, sse4.1, sse4.2, popcnt, avx, avx2, aes, clmul, erms, 3dnowpref, lzcnt, ht, tsc, tscinvbit, bmi1, bmi2, adx

Memory: 4k page, physical 4109224k(743844k free), swap 7750704k(1382636k free)

vm_info: Java HotSpot(TM) 64-Bit Server VM (25.191-b12) for windows-amd64 JRE (1.8.0_191-b12), built on Oct  6 2018 09:29:03 by "java_re" with MS VC++ 10.0 (VS2010)

time: Sun Mar 15 13:21:35 2020
elapsed time: 1658 seconds (0d 0h 27m 38s)

