#
# A fatal error has been detected by the Java Runtime Environment:
#
#  EXCEPTION_ACCESS_VIOLATION (0xc0000005) at pc=0x000000006400c12a, pid=9364, tid=0x00000000000027f8
#
# JRE version: Java(TM) SE Runtime Environment (8.0_191-b12) (build 1.8.0_191-b12)
# Java VM: Java HotSpot(TM) 64-Bit Server VM (25.191-b12 mixed mode windows-amd64 compressed oops)
# Problematic frame:
# V  [jvm.dll+0x13c12a]
#
# Failed to write core dump. Minidumps are not enabled by default on client versions of Windows
#
# If you would like to submit a bug report, please visit:
#   http://bugreport.java.com/bugreport/crash.jsp
#

---------------  T H R E A D  ---------------

Current thread (0x0000000014d46800):  JavaThread "JDWP Transport Listener: dt_socket" daemon [_thread_in_vm, id=10232, stack(0x00000000166c0000,0x00000000167c0000)]

siginfo: ExceptionCode=0xc0000005, reading address 0x0000000000000000

Registers:
RAX=0x000000001494d3f0, RBX=0x00000000167bf5c0, RCX=0x0000000000000000, RDX=0x0000000000002a0f
RSP=0x00000000167bf210, RBP=0x000000001494d456, RSI=0x0000000000000002, RDI=0x0000000000000019
R8 =0x0000000000000000, R9 =0x0000000000000000, R10=0x0000000000000000, R11=0x0000000000000000
R12=0x000000001494d478, R13=0x0000000014d46e60, R14=0x0000000014d47238, R15=0x00000000000003d8
RIP=0x000000006400c12a, EFLAGS=0x0000000000010202

Top of Stack: (sp=0x00000000167bf210)
0x00000000167bf210:   00000000028856d0 0000000000000000
0x00000000167bf220:   0000000000e3dda8 0000000000e3dd68
0x00000000167bf230:   0000000000000019 000000006408f198
0x00000000167bf240:   00000000167bf5c0 0000000064117480
0x00000000167bf250:   00000000167bf800 0000000000000000
0x00000000167bf260:   0000000000000000 0000000000000000
0x00000000167bf270:   0000000000e3dd68 00000000028b8ec0
0x00000000167bf280:   00000000028856d0 0000000000000000
0x00000000167bf290:   0000000000e3dda8 0000000000e3dd68
0x00000000167bf2a0:   0000000000000000 000000006408f360
0x00000000167bf2b0:   0000000014d07b70 0000000014d46800
0x00000000167bf2c0:   000000001790d670 00000000167bf5c0
0x00000000167bf2d0:   00000000167bf5c0 000000006411bda0
0x00000000167bf2e0:   0000000000000000 00000000640e86b4
0x00000000167bf2f0:   0000000002685500 0000000002590f50
0x00000000167bf300:   0000000002590f50 00000000640ee7e2 

Instructions: (pc=0x000000006400c12a)
0x000000006400c10a:   ff ca 88 41 ff 75 ef 43 c6 04 10 00 49 8b c2 c3
0x000000006400c11a:   cc cc cc cc cc cc 48 89 5c 24 08 57 48 83 ec 20
0x000000006400c12a:   0f b7 39 48 8b d9 33 d2 ff c7 48 63 cf e8 64 1b
0x000000006400c13a:   fb ff 4c 8b d8 85 ff 7e 45 44 0f b7 03 8d 57 ff 


Register to memory mapping:

RAX=0x000000001494d3f0 is pointing into metadata
RBX=0x00000000167bf5c0 is pointing into the stack for thread: 0x0000000014d46800
RCX=0x0000000000000000 is an unknown value
RDX=0x0000000000002a0f is an unknown value
RSP=0x00000000167bf210 is pointing into the stack for thread: 0x0000000014d46800
RBP=0x000000001494d456 is pointing into metadata
RSI=0x0000000000000002 is an unknown value
RDI=0x0000000000000019 is an unknown value
R8 =0x0000000000000000 is an unknown value
R9 =0x0000000000000000 is an unknown value
R10=0x0000000000000000 is an unknown value
R11=0x0000000000000000 is an unknown value
R12={method} {0x000000001494d480} 'loginApp' '()V' in 'com/learautomation/testcases/LoginTestCRM'
R13=0x0000000014d46e60 is an unknown value
R14=0x0000000014d47238 is an unknown value
R15=0x00000000000003d8 is an unknown value


Stack: [0x00000000166c0000,0x00000000167c0000],  sp=0x00000000167bf210,  free space=1020k
Native frames: (J=compiled Java code, j=interpreted, Vv=VM code, C=native code)
V  [jvm.dll+0x13c12a]
V  [jvm.dll+0x1bf198]
V  [jvm.dll+0x1bf360]
V  [jvm.dll+0x24bda0]
V  [jvm.dll+0x1a7ddc]
V  [jvm.dll+0x341ff5]
C  [jdwp.dll+0x7b0b]
C  [jdwp.dll+0xf15d]
C  [jdwp.dll+0x1f5c9]
C  [jdwp.dll+0x1f79e]
V  [jvm.dll+0x1be2ca]
V  [jvm.dll+0x2461df]
V  [jvm.dll+0x29eb9a]
C  [msvcr100.dll+0x21d9f]
C  [msvcr100.dll+0x21e3b]
C  [KERNEL32.DLL+0x18102]
C  [ntdll.dll+0x5c5b4]


---------------  P R O C E S S  ---------------

Java Threads: ( => current thread )
  0x00000000177a2000 JavaThread "Okio Watchdog" daemon [_thread_blocked, id=6416, stack(0x0000000019a90000,0x0000000019b90000)]
  0x0000000017aaf000 JavaThread "Exec Stream Pumper" daemon [_thread_in_native, id=7196, stack(0x0000000019290000,0x0000000019390000)]
  0x0000000017aae800 JavaThread "Exec Stream Pumper" daemon [_thread_in_native, id=5796, stack(0x0000000019190000,0x0000000019290000)]
  0x0000000016daa000 JavaThread "Exec Default Executor" daemon [_thread_in_native, id=9384, stack(0x0000000019090000,0x0000000019190000)]
  0x00000000174dc000 JavaThread "ReaderThread" [_thread_in_native, id=3484, stack(0x0000000017bc0000,0x0000000017cc0000)]
  0x0000000016d23000 JavaThread "Service Thread" daemon [_thread_blocked, id=3388, stack(0x00000000170c0000,0x00000000171c0000)]
  0x0000000014d6c800 JavaThread "C1 CompilerThread2" daemon [_thread_blocked, id=8804, stack(0x0000000016bc0000,0x0000000016cc0000)]
  0x0000000014d68800 JavaThread "C2 CompilerThread1" daemon [_thread_blocked, id=5456, stack(0x0000000016ac0000,0x0000000016bc0000)]
  0x0000000014d66800 JavaThread "C2 CompilerThread0" daemon [_thread_blocked, id=6444, stack(0x00000000169c0000,0x0000000016ac0000)]
  0x0000000014d5a800 JavaThread "JDWP Command Reader" daemon [_thread_in_native, id=6428, stack(0x00000000168c0000,0x00000000169c0000)]
  0x0000000014d57000 JavaThread "JDWP Event Helper Thread" daemon [_thread_blocked, id=6424, stack(0x00000000167c0000,0x00000000168c0000)]
=>0x0000000014d46800 JavaThread "JDWP Transport Listener: dt_socket" daemon [_thread_in_vm, id=10232, stack(0x00000000166c0000,0x00000000167c0000)]
  0x0000000014d3d000 JavaThread "Attach Listener" daemon [_thread_blocked, id=800, stack(0x0000000016280000,0x0000000016380000)]
  0x0000000014d48800 JavaThread "Signal Dispatcher" daemon [_thread_blocked, id=5868, stack(0x0000000016180000,0x0000000016280000)]
  0x0000000014d2a000 JavaThread "Finalizer" daemon [_thread_blocked, id=2340, stack(0x0000000015fa0000,0x00000000160a0000)]
  0x0000000002683800 JavaThread "Reference Handler" daemon [_thread_blocked, id=9840, stack(0x0000000015ea0000,0x0000000015fa0000)]
  0x0000000002593800 JavaThread "main" [_thread_blocked, id=6096, stack(0x0000000000d40000,0x0000000000e40000)]

Other Threads:
  0x0000000014d08800 VMThread [stack: 0x0000000015da0000,0x0000000015ea0000] [id=4396]
  0x0000000016d50800 WatcherThread [stack: 0x00000000171c0000,0x00000000172c0000] [id=916]

VM state:not at safepoint (normal execution)

VM Mutex/Monitor currently owned by a thread: None

Heap:
 PSYoungGen      total 18944K, used 9737K [0x00000000eb180000, 0x00000000ec680000, 0x0000000100000000)
  eden space 16384K, 44% used [0x00000000eb180000,0x00000000eb88a720,0x00000000ec180000)
  from space 2560K, 98% used [0x00000000ec180000,0x00000000ec3f8030,0x00000000ec400000)
  to   space 2560K, 0% used [0x00000000ec400000,0x00000000ec400000,0x00000000ec680000)
 ParOldGen       total 44032K, used 5274K [0x00000000c1400000, 0x00000000c3f00000, 0x00000000eb180000)
  object space 44032K, 11% used [0x00000000c1400000,0x00000000c1926bf0,0x00000000c3f00000)
 Metaspace       used 17096K, capacity 17804K, committed 18048K, reserved 1064960K
  class space    used 2169K, capacity 2362K, committed 2432K, reserved 1048576K

Card table byte_map: [0x0000000011c40000,0x0000000011e40000] byte_map_base: 0x0000000011636000

Marking Bits: (ParMarkBitMap*) 0x00000000646f3e30
 Begin Bits: [0x0000000012240000, 0x00000000131f0000)
 End Bits:   [0x00000000131f0000, 0x00000000141a0000)

Polling page: 0x0000000000e40000

CodeCache: size=245760Kb used=5356Kb max_used=5356Kb free=240403Kb
 bounds [0x0000000002880000, 0x0000000002dc0000, 0x0000000011880000]
 total_blobs=1936 nmethods=1526 adapters=330
 compilation: enabled

Compilation events (10 events):
Event: 23.604 Thread 0x0000000014d6c800 1522       3       sun.misc.ProxyGenerator$ConstantPool::getFieldRef (33 bytes)
Event: 23.607 Thread 0x0000000014d6c800 nmethod 1522 0x0000000002dbb850 code [0x0000000002dbbb00, 0x0000000002dbc908]
Event: 23.612 Thread 0x0000000014d6c800 1523       3       java.lang.ClassLoader::getClassLoader (11 bytes)
Event: 23.613 Thread 0x0000000014d6c800 nmethod 1523 0x0000000002dbd590 code [0x0000000002dbd6e0, 0x0000000002dbd910]
Event: 23.614 Thread 0x0000000014d6c800 1524       1       sun.reflect.generics.tree.ClassTypeSignature::getPath (5 bytes)
Event: 23.614 Thread 0x0000000014d6c800 nmethod 1524 0x0000000002dbd9d0 code [0x0000000002dbdb20, 0x0000000002dbdc30]
Event: 23.614 Thread 0x0000000014d6c800 1525       1       sun.reflect.generics.tree.SimpleClassTypeSignature::getName (5 bytes)
Event: 23.614 Thread 0x0000000014d6c800 nmethod 1525 0x0000000002dbdc90 code [0x0000000002dbdde0, 0x0000000002dbdef0]
Event: 23.615 Thread 0x0000000014d6c800 1526       1       sun.reflect.generics.tree.SimpleClassTypeSignature::getDollar (5 bytes)
Event: 23.615 Thread 0x0000000014d6c800 nmethod 1526 0x0000000002dbdf50 code [0x0000000002dbe0a0, 0x0000000002dbe1b0]

GC Heap History (6 events):
Event: 0.968 GC heap before
{Heap before GC invocations=1 (full 0):
 PSYoungGen      total 18944K, used 16384K [0x00000000eb180000, 0x00000000ec680000, 0x0000000100000000)
  eden space 16384K, 100% used [0x00000000eb180000,0x00000000ec180000,0x00000000ec180000)
  from space 2560K, 0% used [0x00000000ec400000,0x00000000ec400000,0x00000000ec680000)
  to   space 2560K, 0% used [0x00000000ec180000,0x00000000ec180000,0x00000000ec400000)
 ParOldGen       total 44032K, used 0K [0x00000000c1400000, 0x00000000c3f00000, 0x00000000eb180000)
  object space 44032K, 0% used [0x00000000c1400000,0x00000000c1400000,0x00000000c3f00000)
 Metaspace       used 8487K, capacity 8624K, committed 8832K, reserved 1056768K
  class space    used 1002K, capacity 1042K, committed 1152K, reserved 1048576K
Event: 0.974 GC heap after
Heap after GC invocations=1 (full 0):
 PSYoungGen      total 18944K, used 2547K [0x00000000eb180000, 0x00000000ec680000, 0x0000000100000000)
  eden space 16384K, 0% used [0x00000000eb180000,0x00000000eb180000,0x00000000ec180000)
  from space 2560K, 99% used [0x00000000ec180000,0x00000000ec3fcc28,0x00000000ec400000)
  to   space 2560K, 0% used [0x00000000ec400000,0x00000000ec400000,0x00000000ec680000)
 ParOldGen       total 44032K, used 922K [0x00000000c1400000, 0x00000000c3f00000, 0x00000000eb180000)
  object space 44032K, 2% used [0x00000000c1400000,0x00000000c14e6bf8,0x00000000c3f00000)
 Metaspace       used 8487K, capacity 8624K, committed 8832K, reserved 1056768K
  class space    used 1002K, capacity 1042K, committed 1152K, reserved 1048576K
}
Event: 1.558 GC heap before
{Heap before GC invocations=2 (full 0):
 PSYoungGen      total 18944K, used 18931K [0x00000000eb180000, 0x00000000ec680000, 0x0000000100000000)
  eden space 16384K, 100% used [0x00000000eb180000,0x00000000ec180000,0x00000000ec180000)
  from space 2560K, 99% used [0x00000000ec180000,0x00000000ec3fcc28,0x00000000ec400000)
  to   space 2560K, 0% used [0x00000000ec400000,0x00000000ec400000,0x00000000ec680000)
 ParOldGen       total 44032K, used 922K [0x00000000c1400000, 0x00000000c3f00000, 0x00000000eb180000)
  object space 44032K, 2% used [0x00000000c1400000,0x00000000c14e6bf8,0x00000000c3f00000)
 Metaspace       used 12722K, capacity 13032K, committed 13184K, reserved 1060864K
  class space    used 1518K, capacity 1610K, committed 1664K, reserved 1048576K
Event: 1.565 GC heap after
Heap after GC invocations=2 (full 0):
 PSYoungGen      total 18944K, used 2544K [0x00000000eb180000, 0x00000000ec680000, 0x0000000100000000)
  eden space 16384K, 0% used [0x00000000eb180000,0x00000000eb180000,0x00000000ec180000)
  from space 2560K, 99% used [0x00000000ec400000,0x00000000ec67c030,0x00000000ec680000)
  to   space 2560K, 0% used [0x00000000ec180000,0x00000000ec180000,0x00000000ec400000)
 ParOldGen       total 44032K, used 2983K [0x00000000c1400000, 0x00000000c3f00000, 0x00000000eb180000)
  object space 44032K, 6% used [0x00000000c1400000,0x00000000c16e9d48,0x00000000c3f00000)
 Metaspace       used 12722K, capacity 13032K, committed 13184K, reserved 1060864K
  class space    used 1518K, capacity 1610K, committed 1664K, reserved 1048576K
}
Event: 2.517 GC heap before
{Heap before GC invocations=3 (full 0):
 PSYoungGen      total 18944K, used 18928K [0x00000000eb180000, 0x00000000ec680000, 0x0000000100000000)
  eden space 16384K, 100% used [0x00000000eb180000,0x00000000ec180000,0x00000000ec180000)
  from space 2560K, 99% used [0x00000000ec400000,0x00000000ec67c030,0x00000000ec680000)
  to   space 2560K, 0% used [0x00000000ec180000,0x00000000ec180000,0x00000000ec400000)
 ParOldGen       total 44032K, used 2983K [0x00000000c1400000, 0x00000000c3f00000, 0x00000000eb180000)
  object space 44032K, 6% used [0x00000000c1400000,0x00000000c16e9d48,0x00000000c3f00000)
 Metaspace       used 15814K, capacity 16452K, committed 16640K, reserved 1062912K
  class space    used 1998K, capacity 2178K, committed 2304K, reserved 1048576K
Event: 2.523 GC heap after
Heap after GC invocations=3 (full 0):
 PSYoungGen      total 18944K, used 2528K [0x00000000eb180000, 0x00000000ec680000, 0x0000000100000000)
  eden space 16384K, 0% used [0x00000000eb180000,0x00000000eb180000,0x00000000ec180000)
  from space 2560K, 98% used [0x00000000ec180000,0x00000000ec3f8030,0x00000000ec400000)
  to   space 2560K, 0% used [0x00000000ec400000,0x00000000ec400000,0x00000000ec680000)
 ParOldGen       total 44032K, used 5274K [0x00000000c1400000, 0x00000000c3f00000, 0x00000000eb180000)
  object space 44032K, 11% used [0x00000000c1400000,0x00000000c1926bf0,0x00000000c3f00000)
 Metaspace       used 15814K, capacity 16452K, committed 16640K, reserved 1062912K
  class space    used 1998K, capacity 2178K, committed 2304K, reserved 1048576K
}

Deoptimization events (10 events):
Event: 2.449 Thread 0x0000000002593800 Uncommon trap: reason=class_check action=maybe_recompile pc=0x0000000002cac980 method=java.util.regex.Matcher.search(I)Z @ 86
Event: 2.449 Thread 0x0000000002593800 Uncommon trap: reason=class_check action=maybe_recompile pc=0x0000000002cac980 method=java.util.regex.Matcher.search(I)Z @ 86
Event: 2.449 Thread 0x0000000002593800 Uncommon trap: reason=class_check action=maybe_recompile pc=0x0000000002c5dfac method=java.util.regex.Pattern$Curly.match(Ljava/util/regex/Matcher;ILjava/lang/CharSequence;)Z @ 19
Event: 2.464 Thread 0x0000000002593800 Uncommon trap: reason=class_check action=maybe_recompile pc=0x0000000002c5dfac method=java.util.regex.Pattern$Curly.match(Ljava/util/regex/Matcher;ILjava/lang/CharSequence;)Z @ 19
Event: 2.465 Thread 0x0000000002593800 Uncommon trap: reason=class_check action=maybe_recompile pc=0x0000000002c5dfac method=java.util.regex.Pattern$Curly.match(Ljava/util/regex/Matcher;ILjava/lang/CharSequence;)Z @ 19
Event: 2.538 Thread 0x0000000002593800 Uncommon trap: reason=unstable_if action=reinterpret pc=0x0000000002c3f670 method=java.util.regex.Pattern$BmpCharProperty.match(Ljava/util/regex/Matcher;ILjava/lang/CharSequence;)Z @ 34
Event: 7.969 Thread 0x0000000002593800 Uncommon trap: reason=bimorphic action=maybe_recompile pc=0x0000000002c30298 method=java.util.HashMap.putVal(ILjava/lang/Object;Ljava/lang/Object;ZZ)Ljava/lang/Object; @ 203
Event: 23.569 Thread 0x0000000002593800 Uncommon trap: reason=bimorphic action=maybe_recompile pc=0x0000000002c30298 method=java.util.HashMap.putVal(ILjava/lang/Object;Ljava/lang/Object;ZZ)Ljava/lang/Object; @ 203
Event: 23.614 Thread 0x0000000002593800 Uncommon trap: reason=bimorphic action=maybe_recompile pc=0x0000000002c30298 method=java.util.HashMap.putVal(ILjava/lang/Object;Ljava/lang/Object;ZZ)Ljava/lang/Object; @ 203
Event: 23.614 Thread 0x0000000002593800 Uncommon trap: reason=bimorphic action=maybe_recompile pc=0x0000000002c30298 method=java.util.HashMap.putVal(ILjava/lang/Object;Ljava/lang/Object;ZZ)Ljava/lang/Object; @ 203

Classes redefined (10 events):
Event: 1533.918 Thread 0x0000000014d08800 redefined class name=com.learautomation.testcases.LoginTestCRM, count=3
Event: 5028.057 Thread 0x0000000014d08800 redefined class name=com.learautomation.testcases.LoginTestCRM, count=4
Event: 5164.571 Thread 0x0000000014d08800 redefined class name=com.learautomation.testcases.LoginTestCRM, count=5
Event: 5169.596 Thread 0x0000000014d08800 redefined class name=com.learautomation.testcases.LoginTestCRM, count=6
Event: 5252.133 Thread 0x0000000014d08800 redefined class name=com.learautomation.testcases.LoginTestCRM, count=7
Event: 5271.571 Thread 0x0000000014d08800 redefined class name=com.learautomation.testcases.Loginpage, count=2
Event: 5417.428 Thread 0x0000000014d08800 redefined class name=com.learautomation.testcases.LoginTestCRM, count=8
Event: 6348.844 Thread 0x0000000014d08800 redefined class name=com.learautomation.testcases.Loginpage, count=3
Event: 6364.023 Thread 0x0000000014d08800 redefined class name=com.learautomation.testcases.LoginTestCRM, count=9
Event: 6556.596 Thread 0x0000000014d08800 redefined class name=com.learautomation.testcases.Loginpage, count=4

Internal exceptions (10 events):
Event: 2.267 Thread 0x0000000002593800 Exception <a 'java/lang/NoSuchMethodError': java.lang.Object.lambda$or$2(Ljava/util/function/Predicate;Ljava/lang/Object;)Z> (0x00000000eb7c42f0) thrown at [C:\re\workspace\8-2-build-windows-amd64-cygwin\jdk8u191\11896\hotspot\src\share\vm\interpreter\lin
Event: 2.304 Thread 0x0000000002593800 Exception <a 'java/lang/ArrayIndexOutOfBoundsException': 110> (0x00000000eb8fc310) thrown at [C:\re\workspace\8-2-build-windows-amd64-cygwin\jdk8u191\11896\hotspot\src\share\vm\interpreter\interpreterRuntime.cpp, line 366]
Event: 2.304 Thread 0x0000000002593800 Exception <a 'java/lang/ArrayIndexOutOfBoundsException': 88> (0x00000000eb8fda38) thrown at [C:\re\workspace\8-2-build-windows-amd64-cygwin\jdk8u191\11896\hotspot\src\share\vm\interpreter\interpreterRuntime.cpp, line 366]
Event: 2.304 Thread 0x0000000002593800 Exception <a 'java/lang/ArrayIndexOutOfBoundsException': 92> (0x00000000eb9037e8) thrown at [C:\re\workspace\8-2-build-windows-amd64-cygwin\jdk8u191\11896\hotspot\src\share\vm\interpreter\interpreterRuntime.cpp, line 366]
Event: 2.305 Thread 0x0000000002593800 Exception <a 'java/lang/ArrayIndexOutOfBoundsException': 57> (0x00000000eb909078) thrown at [C:\re\workspace\8-2-build-windows-amd64-cygwin\jdk8u191\11896\hotspot\src\share\vm\interpreter\interpreterRuntime.cpp, line 366]
Event: 2.365 Thread 0x0000000002593800 Exception <a 'java/lang/NoSuchMethodError': java.lang.Object.lambda$chars$0()Ljava/util/Spliterator$OfInt;> (0x00000000ebb10ba8) thrown at [C:\re\workspace\8-2-build-windows-amd64-cygwin\jdk8u191\11896\hotspot\src\share\vm\interpreter\linkResolver.cpp, li
Event: 7.954 Thread 0x0000000002593800 Exception <a 'java/lang/NoSuchMethodError': java.lang.Object.lambda$getResponseFunction$0(Lorg/openqa/selenium/remote/InitialHandshakeResponse;)Lorg/openqa/selenium/remote/ProtocolHandshake$Result;> (0x00000000eb5827b8) thrown at [C:\re\workspace\8-2-buil
Event: 9.101 Thread 0x0000000002593800 Exception <a 'java/net/SocketTimeoutException': Read timed out> (0x00000000eb6a8e80) thrown at [C:\re\workspace\8-2-build-windows-amd64-cygwin\jdk8u191\11896\hotspot\src\share\vm\prims\jni.cpp, line 735]
Event: 10.367 Thread 0x0000000002593800 Exception <a 'java/net/SocketTimeoutException': Read timed out> (0x00000000eb6ccc50) thrown at [C:\re\workspace\8-2-build-windows-amd64-cygwin\jdk8u191\11896\hotspot\src\share\vm\prims\jni.cpp, line 735]
Event: 10.378 Thread 0x0000000002593800 Exception <a 'java/net/SocketTimeoutException': Read timed out> (0x00000000eb6e4c28) thrown at [C:\re\workspace\8-2-build-windows-amd64-cygwin\jdk8u191\11896\hotspot\src\share\vm\prims\jni.cpp, line 735]

Events (10 events):
Event: 9235.637 Executing VM operation: GetOwnedMonitorInfo
Event: 9235.637 Executing VM operation: GetOwnedMonitorInfo done
Event: 9236.631 Executing VM operation: GetCurrentContendedMonitor
Event: 9236.631 Executing VM operation: GetCurrentContendedMonitor done
Event: 9236.631 Executing VM operation: GetOwnedMonitorInfo
Event: 9236.631 Executing VM operation: GetOwnedMonitorInfo done
Event: 9237.743 Executing VM operation: GetOwnedMonitorInfo
Event: 9237.743 Executing VM operation: GetOwnedMonitorInfo done
Event: 9237.743 Executing VM operation: GetCurrentContendedMonitor
Event: 9237.743 Executing VM operation: GetCurrentContendedMonitor done


Dynamic libraries:
0x00007ff7fe7c0000 - 0x00007ff7fe7f7000 	C:\Windows\Java\bin\javaw.exe
0x00007ffe2d260000 - 0x00007ffe2d421000 	C:\Windows\SYSTEM32\ntdll.dll
0x00007ffe2cd50000 - 0x00007ffe2cdfd000 	C:\Windows\system32\KERNEL32.DLL
0x00007ffe2a120000 - 0x00007ffe2a308000 	C:\Windows\system32\KERNELBASE.dll
0x00007ffe2b740000 - 0x00007ffe2b7e7000 	C:\Windows\system32\ADVAPI32.dll
0x00007ffe2b490000 - 0x00007ffe2b52d000 	C:\Windows\system32\msvcrt.dll
0x00007ffe2ad80000 - 0x00007ffe2addb000 	C:\Windows\system32\sechost.dll
0x00007ffe2d070000 - 0x00007ffe2d18c000 	C:\Windows\system32\RPCRT4.dll
0x00007ffe2a770000 - 0x00007ffe2a8c6000 	C:\Windows\system32\USER32.dll
0x00007ffe2b180000 - 0x00007ffe2b306000 	C:\Windows\system32\GDI32.dll
0x00007ffe24330000 - 0x00007ffe245a4000 	C:\Windows\WinSxS\amd64_microsoft.windows.common-controls_6595b64144ccf1df_6.0.10586.494_none_a2d8b04ea53e3145\COMCTL32.dll
0x00007ffe2adf0000 - 0x00007ffe2b06d000 	C:\Windows\system32\combase.dll
0x00007ffe2a5f0000 - 0x00007ffe2a65a000 	C:\Windows\system32\bcryptPrimitives.dll
0x00007ffe2cfb0000 - 0x00007ffe2cfeb000 	C:\Windows\system32\IMM32.DLL
0x0000000065180000 - 0x0000000065252000 	C:\Windows\Java\bin\msvcr100.dll
0x0000000063ed0000 - 0x0000000064774000 	C:\Windows\Java\bin\server\jvm.dll
0x00007ffe2a940000 - 0x00007ffe2a948000 	C:\Windows\system32\PSAPI.DLL
0x00007ffe1f4d0000 - 0x00007ffe1f4d9000 	C:\Windows\SYSTEM32\WSOCK32.dll
0x00007ffe2a8d0000 - 0x00007ffe2a93b000 	C:\Windows\system32\WS2_32.dll
0x00007ffe27fb0000 - 0x00007ffe27fd3000 	C:\Windows\SYSTEM32\WINMM.dll
0x00007ffe220c0000 - 0x00007ffe220ca000 	C:\Windows\SYSTEM32\VERSION.dll
0x0000000000830000 - 0x000000000085c000 	C:\Windows\SYSTEM32\WINMMBASE.dll
0x00007ffe29910000 - 0x00007ffe29953000 	C:\Windows\system32\cfgmgr32.dll
0x0000000065170000 - 0x000000006517f000 	C:\Windows\Java\bin\verify.dll
0x0000000065140000 - 0x0000000065169000 	C:\Windows\Java\bin\java.dll
0x0000000063e20000 - 0x0000000063e55000 	C:\Windows\Java\bin\jdwp.dll
0x00000000652c0000 - 0x00000000652c8000 	C:\Windows\Java\bin\npt.dll
0x0000000065120000 - 0x0000000065136000 	C:\Windows\Java\bin\zip.dll
0x00007ffe2b7f0000 - 0x00007ffe2cd4c000 	C:\Windows\system32\SHELL32.dll
0x00007ffe29960000 - 0x00007ffe29fa5000 	C:\Windows\system32\windows.storage.dll
0x00007ffe2b530000 - 0x00007ffe2b582000 	C:\Windows\system32\shlwapi.dll
0x00007ffe298a0000 - 0x00007ffe298af000 	C:\Windows\system32\kernel.appcore.dll
0x00007ffe2a060000 - 0x00007ffe2a115000 	C:\Windows\system32\shcore.dll
0x00007ffe298b0000 - 0x00007ffe298fb000 	C:\Windows\system32\powrprof.dll
0x00007ffe29880000 - 0x00007ffe29894000 	C:\Windows\system32\profapi.dll
0x00000000652b0000 - 0x00000000652b9000 	C:\Windows\Java\bin\dt_socket.dll
0x00007ffe186d0000 - 0x00007ffe186e6000 	C:\Windows\system32\napinsp.dll
0x00007ffe18700000 - 0x00007ffe1871a000 	C:\Windows\system32\pnrpnsp.dll
0x00007ffe26ee0000 - 0x00007ffe26ef8000 	C:\Windows\system32\NLAapi.dll
0x00007ffe291b0000 - 0x00007ffe2920c000 	C:\Windows\System32\mswsock.dll
0x00007ffe282f0000 - 0x00007ffe2839a000 	C:\Windows\SYSTEM32\DNSAPI.dll
0x00007ffe2ade0000 - 0x00007ffe2ade8000 	C:\Windows\system32\NSI.dll
0x00007ffe186f0000 - 0x00007ffe186fd000 	C:\Windows\System32\winrnr.dll
0x00007ffe18720000 - 0x00007ffe18735000 	C:\Windows\System32\wshbth.dll
0x00007ffe22100000 - 0x00007ffe22167000 	C:\Windows\System32\fwpuclnt.dll
0x00007ffe297b0000 - 0x00007ffe297d9000 	C:\Windows\SYSTEM32\bcrypt.dll
0x00007ffe216f0000 - 0x00007ffe216fa000 	C:\Windows\System32\rasadhlp.dll
0x0000000063eb0000 - 0x0000000063eca000 	C:\Windows\Java\bin\net.dll
0x00007ffe29260000 - 0x00007ffe29277000 	C:\Windows\SYSTEM32\CRYPTSP.dll
0x00007ffe28e90000 - 0x00007ffe28ec4000 	C:\Windows\system32\rsaenh.dll
0x00007ffe28fe0000 - 0x00007ffe28fff000 	C:\Windows\SYSTEM32\USERENV.dll
0x00007ffe29380000 - 0x00007ffe2938b000 	C:\Windows\SYSTEM32\CRYPTBASE.dll
0x00007ffe25120000 - 0x00007ffe25158000 	C:\Windows\SYSTEM32\IPHLPAPI.DLL
0x00007ffe25100000 - 0x00007ffe25116000 	C:\Windows\SYSTEM32\dhcpcsvc6.DLL
0x00007ffe250e0000 - 0x00007ffe250fa000 	C:\Windows\SYSTEM32\dhcpcsvc.DLL
0x0000000063e90000 - 0x0000000063ea1000 	C:\Windows\Java\bin\nio.dll
0x0000000063e60000 - 0x0000000063e84000 	C:\Windows\Java\bin\sunec.dll
0x0000000065110000 - 0x000000006511b000 	C:\Windows\Java\bin\sunmscapi.dll
0x00007ffe2a420000 - 0x00007ffe2a5e8000 	C:\Windows\system32\CRYPT32.dll
0x00007ffe29900000 - 0x00007ffe29910000 	C:\Windows\system32\MSASN1.dll
0x00007ffe27050000 - 0x00007ffe271dc000 	C:\Windows\SYSTEM32\dbghelp.dll

VM Arguments:
jvm_args: -agentlib:jdwp=transport=dt_socket,suspend=y,address=localhost:61193 -ea -Dfile.encoding=Cp1252 
java_command: org.testng.remote.RemoteTestNG -serport 61192 -protocol json -d E:\Basant\Workspace\Framework\test-output C:\Users\user\AppData\Local\Temp\testng-eclipse-991912003\testng-customsuite.xml
java_class_path (initial): E:\Basant\eclipse\configuration\org.eclipse.osgi\514\0\.cp\lib\testng-remote.jar;C:\Windows\Java\lib\resources.jar;C:\Windows\Java\lib\rt.jar;C:\Windows\Java\lib\jsse.jar;C:\Windows\Java\lib\jce.jar;C:\Windows\Java\lib\charsets.jar;C:\Windows\Java\lib\jfr.jar;C:\Windows\Java\lib\ext\access-bridge-64.jar;C:\Windows\Java\lib\ext\cldrdata.jar;C:\Windows\Java\lib\ext\dnsns.jar;C:\Windows\Java\lib\ext\jaccess.jar;C:\Windows\Java\lib\ext\jfxrt.jar;C:\Windows\Java\lib\ext\localedata.jar;C:\Windows\Java\lib\ext\nashorn.jar;C:\Windows\Java\lib\ext\sunec.jar;C:\Windows\Java\lib\ext\sunjce_provider.jar;C:\Windows\Java\lib\ext\sunmscapi.jar;C:\Windows\Java\lib\ext\sunpkcs11.jar;C:\Windows\Java\lib\ext\zipfs.jar;E:\Basant\Workspace\Framework\target\test-classes;E:\Basant\Workspace\Framework\target\classes;C:\Users\user\.m2\repository\org\seleniumhq\selenium\selenium-java\3.141.59\selenium-java-3.141.59.jar;C:\Users\user\.m2\repository\org\seleniumhq\selenium\selenium-api\3.141.59\selenium-api-3.141.59.jar;C:\Users\user\.m2\repository\org\seleniumhq\selenium\selenium-chrome-driver\3.141.59\selenium-chrome-driver-3.141.59.jar;C:\Users\user\.m2\repository\org\seleniumhq\selenium\selenium-edge-driver\3.141.59\selenium-edge-driver-3.141.59.jar;C:\Users\user\.m2\repository\org\seleniumhq\selenium\selenium-firefox-driver\3.141.59\selenium-firefox-driver-3.141.59.jar;C:\Users\user\.m2\repository\org\seleniumhq\selenium\selenium-ie-driver\3.141.59\selenium-ie-driver-3.141.59.jar;C:\Users\user\.m2\repository\org\seleniumhq\selenium\selenium-opera-driver\3.141.59\selenium-opera-driver-3.141.59.jar;C:\Users\user\.m2\repository\org\seleniumhq\selenium\selenium-remote-driver\3.141.59\selenium-remote-driver-3.141.59.jar;C:\Users\user\.m2\repository\org\seleniumhq\selenium\selenium-safari-driver\3.141.59\selenium-safari-driver-3.141.59.jar;C:\Users\user\.m2\repository\org\seleniumhq\selenium\selenium-support\3.141.59\selenium-support-3.141.59.jar;C:\Users\user\.m2\r
Launcher Type: SUN_STANDARD

Environment Variables:
JAVA_HOME=C:\Program Files\Java\jdk1.7.0_80
PATH=C:/Windows/Java/bin/server;C:/Windows/Java/bin;C:/Windows/Java/lib/amd64;C:\Program Files (x86)\Common Files\Oracle\Java\javapath;C:\Windows\system32;C:\Windows;C:\Windows\System32\Wbem;C:\Windows\System32\WindowsPowerShell\v1.0\;C:\Program Files\Java\jdk1.7.0_80;C:\Users\user\AppData\Local\GitHubDesktop\bin;C:\hadoop-2.7.7\bin;C:\hadoop-2.7.7\sbin;C:\Program Files\Java\jdk1.7.0_80\bin;E:\Basant\eclipse;
USERNAME=user
OS=Windows_NT
PROCESSOR_IDENTIFIER=Intel64 Family 6 Model 78 Stepping 3, GenuineIntel



---------------  S Y S T E M  ---------------

OS: Windows 10.0 , 64 bit Build 10586 (10.0.10586.0)

CPU:total 4 (initial active 4) (2 cores per cpu, 2 threads per core) family 6 model 78 stepping 3, cmov, cx8, fxsr, mmx, sse, sse2, sse3, ssse3, sse4.1, sse4.2, popcnt, avx, avx2, aes, clmul, erms, 3dnowpref, lzcnt, ht, tsc, tscinvbit, bmi1, bmi2, adx

Memory: 4k page, physical 4109224k(707848k free), swap 6857496k(1319312k free)

vm_info: Java HotSpot(TM) 64-Bit Server VM (25.191-b12) for windows-amd64 JRE (1.8.0_191-b12), built on Oct  6 2018 09:29:03 by "java_re" with MS VC++ 10.0 (VS2010)

time: Sun Mar 15 15:36:42 2020
elapsed time: 9238 seconds (0d 2h 33m 58s)

