#
# A fatal error has been detected by the Java Runtime Environment:
#
#  EXCEPTION_ACCESS_VIOLATION (0xc0000005) at pc=0x000000006400c12a, pid=3776, tid=0x000000000000262c
#
# JRE version: Java(TM) SE Runtime Environment (8.0_191-b12) (build 1.8.0_191-b12)
# Java VM: Java HotSpot(TM) 64-Bit Server VM (25.191-b12 mixed mode windows-amd64 compressed oops)
# Problematic frame:
# V  [jvm.dll+0x13c12a]
#
# Failed to write core dump. Minidumps are not enabled by default on client versions of Windows
#
# If you would like to submit a bug report, please visit:
#   http://bugreport.java.com/bugreport/crash.jsp
#

---------------  T H R E A D  ---------------

Current thread (0x0000000014ee6800):  JavaThread "JDWP Transport Listener: dt_socket" daemon [_thread_in_vm, id=9772, stack(0x0000000016860000,0x0000000016960000)]

siginfo: ExceptionCode=0xc0000005, reading address 0x0000000000000000

Registers:
RAX=0x0000000014aeb3f0, RBX=0x000000001695f370, RCX=0x0000000000000000, RDX=0x0000000000002a0f
RSP=0x000000001695efc0, RBP=0x0000000014aeb456, RSI=0x0000000000000002, RDI=0x000000000000001e
R8 =0x0000000000000000, R9 =0x0000000000000000, R10=0x0000000000000000, R11=0x0000000000000000
R12=0x0000000014aeb478, R13=0x0000000014ee6ee0, R14=0x0000000014ee72b8, R15=0x00000000000003d8
RIP=0x000000006400c12a, EFLAGS=0x0000000000010206

Top of Stack: (sp=0x000000001695efc0)
0x000000001695efc0:   00000000028d56d0 0000000000000000
0x000000001695efd0:   00000000027ce038 00000000027cdfe0
0x000000001695efe0:   000000000000001e 000000006408f198
0x000000001695eff0:   000000001695f370 0000000064117480
0x000000001695f000:   000000001695f5b0 0000000000000000
0x000000001695f010:   0000000000000000 0000000000000000
0x000000001695f020:   00000000027cdfe0 00000000028e7bc5
0x000000001695f030:   00000000028d56d0 0000000000000000
0x000000001695f040:   00000000027ce038 00000000027cdfe0
0x000000001695f050:   0000000000000000 000000006408f360
0x000000001695f060:   0000000014ea77b0 0000000014ee6800
0x000000001695f070:   00000000171873d0 000000001695f370
0x000000001695f080:   000000001695f370 000000006411bda0
0x000000001695f090:   0000000000000000 0000000000000000
0x000000001695f0a0:   0000000014ef3ff0 00000000640e8b04
0x000000001695f0b0:   0000000014ee6800 00000000640e8465 

Instructions: (pc=0x000000006400c12a)
0x000000006400c10a:   ff ca 88 41 ff 75 ef 43 c6 04 10 00 49 8b c2 c3
0x000000006400c11a:   cc cc cc cc cc cc 48 89 5c 24 08 57 48 83 ec 20
0x000000006400c12a:   0f b7 39 48 8b d9 33 d2 ff c7 48 63 cf e8 64 1b
0x000000006400c13a:   fb ff 4c 8b d8 85 ff 7e 45 44 0f b7 03 8d 57 ff 


Register to memory mapping:

RAX=0x0000000014aeb3f0 is pointing into metadata
RBX=0x000000001695f370 is pointing into the stack for thread: 0x0000000014ee6800
RCX=0x0000000000000000 is an unknown value
RDX=0x0000000000002a0f is an unknown value
RSP=0x000000001695efc0 is pointing into the stack for thread: 0x0000000014ee6800
RBP=0x0000000014aeb456 is pointing into metadata
RSI=0x0000000000000002 is an unknown value
RDI=0x000000000000001e is an unknown value
R8 =0x0000000000000000 is an unknown value
R9 =0x0000000000000000 is an unknown value
R10=0x0000000000000000 is an unknown value
R11=0x0000000000000000 is an unknown value
R12={method} {0x0000000014aeb480} 'loginApp' '()V' in 'com/learautomation/testcases/LoginTestCRM'
R13=0x0000000014ee6ee0 is an unknown value
R14=0x0000000014ee72b8 is an unknown value
R15=0x00000000000003d8 is an unknown value


Stack: [0x0000000016860000,0x0000000016960000],  sp=0x000000001695efc0,  free space=1019k
Native frames: (J=compiled Java code, j=interpreted, Vv=VM code, C=native code)
V  [jvm.dll+0x13c12a]
V  [jvm.dll+0x1bf198]
V  [jvm.dll+0x1bf360]
V  [jvm.dll+0x24bda0]
V  [jvm.dll+0x1a7ddc]
V  [jvm.dll+0x341ff5]
C  [jdwp.dll+0x7b0b]
C  [jdwp.dll+0xf15d]
C  [jdwp.dll+0x1f5c9]
C  [jdwp.dll+0x1f79e]
V  [jvm.dll+0x1be2ca]
V  [jvm.dll+0x2461df]
V  [jvm.dll+0x29eb9a]
C  [msvcr100.dll+0x21d9f]
C  [msvcr100.dll+0x21e3b]
C  [KERNEL32.DLL+0x18102]
C  [ntdll.dll+0x5c5b4]


---------------  P R O C E S S  ---------------

Java Threads: ( => current thread )
  0x00000000179c1000 JavaThread "Okio Watchdog" daemon [_thread_blocked, id=10636, stack(0x0000000019f30000,0x000000001a030000)]
  0x0000000017749800 JavaThread "Exec Stream Pumper" daemon [_thread_in_native, id=10548, stack(0x0000000019630000,0x0000000019730000)]
  0x0000000016ec0800 JavaThread "Exec Stream Pumper" daemon [_thread_in_native, id=10544, stack(0x0000000019530000,0x0000000019630000)]
  0x0000000016ec0000 JavaThread "Exec Default Executor" daemon [_thread_in_native, id=10532, stack(0x0000000018460000,0x0000000018560000)]
  0x000000001756c800 JavaThread "ReaderThread" [_thread_in_native, id=4508, stack(0x0000000017d60000,0x0000000017e60000)]
  0x0000000016ec3800 JavaThread "Service Thread" daemon [_thread_blocked, id=3676, stack(0x0000000017260000,0x0000000017360000)]
  0x0000000014f2e000 JavaThread "C1 CompilerThread2" daemon [_thread_blocked, id=9512, stack(0x0000000016d60000,0x0000000016e60000)]
  0x0000000014f09000 JavaThread "C2 CompilerThread1" daemon [_thread_blocked, id=7764, stack(0x0000000016c60000,0x0000000016d60000)]
  0x0000000014f06800 JavaThread "C2 CompilerThread0" daemon [_thread_blocked, id=8304, stack(0x0000000016b60000,0x0000000016c60000)]
  0x0000000014f04000 JavaThread "JDWP Command Reader" daemon [_thread_in_native, id=804, stack(0x0000000016a60000,0x0000000016b60000)]
  0x0000000014ef7000 JavaThread "JDWP Event Helper Thread" daemon [_thread_blocked, id=9312, stack(0x0000000016960000,0x0000000016a60000)]
=>0x0000000014ee6800 JavaThread "JDWP Transport Listener: dt_socket" daemon [_thread_in_vm, id=9772, stack(0x0000000016860000,0x0000000016960000)]
  0x0000000014edd000 JavaThread "Attach Listener" daemon [_thread_blocked, id=8592, stack(0x0000000016420000,0x0000000016520000)]
  0x0000000014ee8800 JavaThread "Signal Dispatcher" daemon [_thread_blocked, id=5740, stack(0x0000000016320000,0x0000000016420000)]
  0x0000000014eca000 JavaThread "Finalizer" daemon [_thread_blocked, id=1992, stack(0x0000000016140000,0x0000000016240000)]
  0x00000000028c3800 JavaThread "Reference Handler" daemon [_thread_blocked, id=9636, stack(0x0000000016040000,0x0000000016140000)]
  0x00000000027d3800 JavaThread "main" [_thread_blocked, id=7412, stack(0x00000000026d0000,0x00000000027d0000)]

Other Threads:
  0x0000000014ea8800 VMThread [stack: 0x0000000015f40000,0x0000000016040000] [id=3136]
  0x0000000016ed9000 WatcherThread [stack: 0x0000000017360000,0x0000000017460000] [id=7188]

VM state:not at safepoint (normal execution)

VM Mutex/Monitor currently owned by a thread: None

Heap:
 PSYoungGen      total 18944K, used 9834K [0x00000000eb180000, 0x00000000ec680000, 0x0000000100000000)
  eden space 16384K, 44% used [0x00000000eb180000,0x00000000eb8a2918,0x00000000ec180000)
  from space 2560K, 98% used [0x00000000ec180000,0x00000000ec3f8030,0x00000000ec400000)
  to   space 2560K, 0% used [0x00000000ec400000,0x00000000ec400000,0x00000000ec680000)
 ParOldGen       total 44032K, used 5289K [0x00000000c1400000, 0x00000000c3f00000, 0x00000000eb180000)
  object space 44032K, 12% used [0x00000000c1400000,0x00000000c192a628,0x00000000c3f00000)
 Metaspace       used 16566K, capacity 17260K, committed 17536K, reserved 1064960K
  class space    used 2170K, capacity 2362K, committed 2432K, reserved 1048576K

Card table byte_map: [0x0000000011c90000,0x0000000011e90000] byte_map_base: 0x0000000011686000

Marking Bits: (ParMarkBitMap*) 0x00000000646f3e30
 Begin Bits: [0x00000000123e0000, 0x0000000013390000)
 End Bits:   [0x0000000013390000, 0x0000000014340000)

Polling page: 0x00000000025f0000

CodeCache: size=245760Kb used=2887Kb max_used=2887Kb free=242872Kb
 bounds [0x00000000028d0000, 0x0000000002bb0000, 0x00000000118d0000]
 total_blobs=1131 nmethods=722 adapters=330
 compilation: enabled

Compilation events (10 events):
Event: 717.862 Thread 0x0000000014f2e000  718       3       java.nio.CharBuffer::<init> (22 bytes)
Event: 717.862 Thread 0x0000000014f2e000 nmethod 718 0x0000000002ba0990 code [0x0000000002ba0b00, 0x0000000002ba0ce8]
Event: 717.863 Thread 0x0000000014f2e000  719       3       java.lang.Integer::stringSize (21 bytes)
Event: 717.863 Thread 0x0000000014f2e000 nmethod 719 0x0000000002ba0d90 code [0x0000000002ba0f00, 0x0000000002ba1110]
Event: 717.863 Thread 0x0000000014f2e000  720       3       java.lang.Integer::getChars (131 bytes)
Event: 717.864 Thread 0x0000000014f2e000 nmethod 720 0x0000000002ba1210 code [0x0000000002ba13a0, 0x0000000002ba1830]
Event: 717.864 Thread 0x0000000014f2e000  717       3       java.nio.CharBuffer::arrayOffset (35 bytes)
Event: 717.864 Thread 0x0000000014f2e000 nmethod 717 0x0000000002ba1cd0 code [0x0000000002ba1e60, 0x0000000002ba2198]
Event: 717.865 Thread 0x0000000014f2e000  721       3       java.nio.charset.CoderResult::isUnderflow (13 bytes)
Event: 717.865 Thread 0x0000000014f2e000 nmethod 721 0x0000000002ba2310 code [0x0000000002ba2460, 0x0000000002ba2610]

GC Heap History (6 events):
Event: 1.022 GC heap before
{Heap before GC invocations=1 (full 0):
 PSYoungGen      total 18944K, used 16384K [0x00000000eb180000, 0x00000000ec680000, 0x0000000100000000)
  eden space 16384K, 100% used [0x00000000eb180000,0x00000000ec180000,0x00000000ec180000)
  from space 2560K, 0% used [0x00000000ec400000,0x00000000ec400000,0x00000000ec680000)
  to   space 2560K, 0% used [0x00000000ec180000,0x00000000ec180000,0x00000000ec400000)
 ParOldGen       total 44032K, used 0K [0x00000000c1400000, 0x00000000c3f00000, 0x00000000eb180000)
  object space 44032K, 0% used [0x00000000c1400000,0x00000000c1400000,0x00000000c3f00000)
 Metaspace       used 8479K, capacity 8616K, committed 8832K, reserved 1056768K
  class space    used 1002K, capacity 1042K, committed 1152K, reserved 1048576K
Event: 1.027 GC heap after
Heap after GC invocations=1 (full 0):
 PSYoungGen      total 18944K, used 2532K [0x00000000eb180000, 0x00000000ec680000, 0x0000000100000000)
  eden space 16384K, 0% used [0x00000000eb180000,0x00000000eb180000,0x00000000ec180000)
  from space 2560K, 98% used [0x00000000ec180000,0x00000000ec3f92b8,0x00000000ec400000)
  to   space 2560K, 0% used [0x00000000ec400000,0x00000000ec400000,0x00000000ec680000)
 ParOldGen       total 44032K, used 946K [0x00000000c1400000, 0x00000000c3f00000, 0x00000000eb180000)
  object space 44032K, 2% used [0x00000000c1400000,0x00000000c14ec950,0x00000000c3f00000)
 Metaspace       used 8479K, capacity 8616K, committed 8832K, reserved 1056768K
  class space    used 1002K, capacity 1042K, committed 1152K, reserved 1048576K
}
Event: 549.076 GC heap before
{Heap before GC invocations=2 (full 0):
 PSYoungGen      total 18944K, used 18916K [0x00000000eb180000, 0x00000000ec680000, 0x0000000100000000)
  eden space 16384K, 100% used [0x00000000eb180000,0x00000000ec180000,0x00000000ec180000)
  from space 2560K, 98% used [0x00000000ec180000,0x00000000ec3f92b8,0x00000000ec400000)
  to   space 2560K, 0% used [0x00000000ec400000,0x00000000ec400000,0x00000000ec680000)
 ParOldGen       total 44032K, used 946K [0x00000000c1400000, 0x00000000c3f00000, 0x00000000eb180000)
  object space 44032K, 2% used [0x00000000c1400000,0x00000000c14ec950,0x00000000c3f00000)
 Metaspace       used 12461K, capacity 12768K, committed 12928K, reserved 1060864K
  class space    used 1519K, capacity 1610K, committed 1664K, reserved 1048576K
Event: 549.083 GC heap after
Heap after GC invocations=2 (full 0):
 PSYoungGen      total 18944K, used 2528K [0x00000000eb180000, 0x00000000ec680000, 0x0000000100000000)
  eden space 16384K, 0% used [0x00000000eb180000,0x00000000eb180000,0x00000000ec180000)
  from space 2560K, 98% used [0x00000000ec400000,0x00000000ec678020,0x00000000ec680000)
  to   space 2560K, 0% used [0x00000000ec180000,0x00000000ec180000,0x00000000ec400000)
 ParOldGen       total 44032K, used 3012K [0x00000000c1400000, 0x00000000c3f00000, 0x00000000eb180000)
  object space 44032K, 6% used [0x00000000c1400000,0x00000000c16f1250,0x00000000c3f00000)
 Metaspace       used 12461K, capacity 12768K, committed 12928K, reserved 1060864K
  class space    used 1519K, capacity 1610K, committed 1664K, reserved 1048576K
}
Event: 575.587 GC heap before
{Heap before GC invocations=3 (full 0):
 PSYoungGen      total 18944K, used 18912K [0x00000000eb180000, 0x00000000ec680000, 0x0000000100000000)
  eden space 16384K, 100% used [0x00000000eb180000,0x00000000ec180000,0x00000000ec180000)
  from space 2560K, 98% used [0x00000000ec400000,0x00000000ec678020,0x00000000ec680000)
  to   space 2560K, 0% used [0x00000000ec180000,0x00000000ec180000,0x00000000ec400000)
 ParOldGen       total 44032K, used 3012K [0x00000000c1400000, 0x00000000c3f00000, 0x00000000eb180000)
  object space 44032K, 6% used [0x00000000c1400000,0x00000000c16f1250,0x00000000c3f00000)
 Metaspace       used 15316K, capacity 15988K, committed 16128K, reserved 1062912K
  class space    used 1998K, capacity 2178K, committed 2304K, reserved 1048576K
Event: 575.593 GC heap after
Heap after GC invocations=3 (full 0):
 PSYoungGen      total 18944K, used 2528K [0x00000000eb180000, 0x00000000ec680000, 0x0000000100000000)
  eden space 16384K, 0% used [0x00000000eb180000,0x00000000eb180000,0x00000000ec180000)
  from space 2560K, 98% used [0x00000000ec180000,0x00000000ec3f8030,0x00000000ec400000)
  to   space 2560K, 0% used [0x00000000ec400000,0x00000000ec400000,0x00000000ec680000)
 ParOldGen       total 44032K, used 5289K [0x00000000c1400000, 0x00000000c3f00000, 0x00000000eb180000)
  object space 44032K, 12% used [0x00000000c1400000,0x00000000c192a628,0x00000000c3f00000)
 Metaspace       used 15316K, capacity 15988K, committed 16128K, reserved 1062912K
  class space    used 1998K, capacity 2178K, committed 2304K, reserved 1048576K
}

Deoptimization events (6 events):
Event: 0.421 Thread 0x00000000027d3800 Uncommon trap: reason=unstable_if action=reinterpret pc=0x0000000002a0ade0 method=java.lang.String.indexOf(II)I @ 49
Event: 0.629 Thread 0x00000000027d3800 Uncommon trap: reason=unstable_if action=reinterpret pc=0x0000000002a98a5c method=java.lang.String.indexOf([CII[CIII)I @ 3
Event: 0.985 Thread 0x00000000027d3800 Uncommon trap: reason=range_check action=make_not_entrant pc=0x0000000002b5364c method=sun.reflect.generics.parser.SignatureParser.current()C @ 34
Event: 565.476 Thread 0x0000000016ec0000 Uncommon trap: reason=unstable_if action=reinterpret pc=0x0000000002a72550 method=java.lang.String.replace(CC)Ljava/lang/String; @ 2
Event: 565.760 Thread 0x0000000016ea5000 Uncommon trap: reason=unstable_if action=reinterpret pc=0x0000000002af5364 method=sun.misc.MetaIndex.mayContain(Ljava/lang/String;)Z @ 38
Event: 565.761 Thread 0x0000000016ea5000 Uncommon trap: reason=unstable_if action=reinterpret pc=0x0000000002aa4e28 method=sun.misc.MetaIndex.mayContain(Ljava/lang/String;)Z @ 38

Classes redefined (10 events):
Event: 2027.153 Thread 0x0000000014ea8800 redefined class name=com.learautomation.testcases.LoginTestCRM, count=3
Event: 5521.309 Thread 0x0000000014ea8800 redefined class name=com.learautomation.testcases.LoginTestCRM, count=4
Event: 5657.686 Thread 0x0000000014ea8800 redefined class name=com.learautomation.testcases.LoginTestCRM, count=5
Event: 5663.085 Thread 0x0000000014ea8800 redefined class name=com.learautomation.testcases.LoginTestCRM, count=6
Event: 5744.819 Thread 0x0000000014ea8800 redefined class name=com.learautomation.testcases.LoginTestCRM, count=7
Event: 5764.740 Thread 0x0000000014ea8800 redefined class name=com.learautomation.testcases.Loginpage, count=2
Event: 5910.921 Thread 0x0000000014ea8800 redefined class name=com.learautomation.testcases.LoginTestCRM, count=8
Event: 6842.262 Thread 0x0000000014ea8800 redefined class name=com.learautomation.testcases.Loginpage, count=3
Event: 6857.379 Thread 0x0000000014ea8800 redefined class name=com.learautomation.testcases.LoginTestCRM, count=9
Event: 7049.888 Thread 0x0000000014ea8800 redefined class name=com.learautomation.testcases.Loginpage, count=4

Internal exceptions (10 events):
Event: 888.552 Thread 0x00000000027d3800 Exception <a 'java/lang/NullPointerException'> (0x00000000eb829d90) thrown at [C:\re\workspace\8-2-build-windows-amd64-cygwin\jdk8u191\11896\hotspot\src\share\vm\interpreter\linkResolver.cpp, line 1287]
Event: 1128.738 Thread 0x00000000027d3800 Exception <a 'java/lang/NullPointerException'> (0x00000000eb829f98) thrown at [C:\re\workspace\8-2-build-windows-amd64-cygwin\jdk8u191\11896\hotspot\src\share\vm\interpreter\linkResolver.cpp, line 1287]
Event: 1131.654 Thread 0x00000000027d3800 Exception <a 'java/lang/NullPointerException'> (0x00000000eb82a1a0) thrown at [C:\re\workspace\8-2-build-windows-amd64-cygwin\jdk8u191\11896\hotspot\src\share\vm\interpreter\linkResolver.cpp, line 1287]
Event: 1227.911 Thread 0x00000000027d3800 Exception <a 'java/lang/NullPointerException'> (0x00000000eb82a3a8) thrown at [C:\re\workspace\8-2-build-windows-amd64-cygwin\jdk8u191\11896\hotspot\src\share\vm\interpreter\linkResolver.cpp, line 1287]
Event: 1230.613 Thread 0x00000000027d3800 Exception <a 'java/lang/NullPointerException'> (0x00000000eb82a5b0) thrown at [C:\re\workspace\8-2-build-windows-amd64-cygwin\jdk8u191\11896\hotspot\src\share\vm\interpreter\linkResolver.cpp, line 1287]
Event: 1230.627 Thread 0x00000000027d3800 Exception <a 'java/lang/NullPointerException'> (0x00000000eb82a7b8) thrown at [C:\re\workspace\8-2-build-windows-amd64-cygwin\jdk8u191\11896\hotspot\src\share\vm\interpreter\linkResolver.cpp, line 1287]
Event: 1436.061 Thread 0x00000000027d3800 Exception <a 'java/lang/NullPointerException'> (0x00000000eb82a9c0) thrown at [C:\re\workspace\8-2-build-windows-amd64-cygwin\jdk8u191\11896\hotspot\src\share\vm\interpreter\linkResolver.cpp, line 1287]
Event: 1446.694 Thread 0x00000000027d3800 Exception <a 'java/lang/NullPointerException'> (0x00000000eb82abc8) thrown at [C:\re\workspace\8-2-build-windows-amd64-cygwin\jdk8u191\11896\hotspot\src\share\vm\interpreter\linkResolver.cpp, line 1287]
Event: 1487.305 Thread 0x00000000027d3800 Exception <a 'java/lang/NullPointerException'> (0x00000000eb853d70) thrown at [C:\re\workspace\8-2-build-windows-amd64-cygwin\jdk8u191\11896\hotspot\src\share\vm\interpreter\linkResolver.cpp, line 1287]
Event: 1487.308 Thread 0x00000000027d3800 Exception <a 'java/lang/NullPointerException'> (0x00000000eb853f78) thrown at [C:\re\workspace\8-2-build-windows-amd64-cygwin\jdk8u191\11896\hotspot\src\share\vm\interpreter\linkResolver.cpp, line 1287]

Events (10 events):
Event: 9722.357 Executing VM operation: ChangeBreakpoints
Event: 9722.357 Executing VM operation: ChangeBreakpoints done
Event: 9729.146 Executing VM operation: GetCurrentContendedMonitor
Event: 9729.146 Executing VM operation: GetCurrentContendedMonitor done
Event: 9729.147 Executing VM operation: GetOwnedMonitorInfo
Event: 9729.148 Executing VM operation: GetOwnedMonitorInfo done
Event: 9730.151 Executing VM operation: GetCurrentContendedMonitor
Event: 9730.151 Executing VM operation: GetCurrentContendedMonitor done
Event: 9730.152 Executing VM operation: GetOwnedMonitorInfo
Event: 9730.152 Executing VM operation: GetOwnedMonitorInfo done


Dynamic libraries:
0x00007ff7fe7c0000 - 0x00007ff7fe7f7000 	C:\Windows\Java\bin\javaw.exe
0x00007ffe2d260000 - 0x00007ffe2d421000 	C:\Windows\SYSTEM32\ntdll.dll
0x00007ffe2cd50000 - 0x00007ffe2cdfd000 	C:\Windows\system32\KERNEL32.DLL
0x00007ffe2a120000 - 0x00007ffe2a308000 	C:\Windows\system32\KERNELBASE.dll
0x00007ffe2b740000 - 0x00007ffe2b7e7000 	C:\Windows\system32\ADVAPI32.dll
0x00007ffe2b490000 - 0x00007ffe2b52d000 	C:\Windows\system32\msvcrt.dll
0x00007ffe2ad80000 - 0x00007ffe2addb000 	C:\Windows\system32\sechost.dll
0x00007ffe2d070000 - 0x00007ffe2d18c000 	C:\Windows\system32\RPCRT4.dll
0x00007ffe2a770000 - 0x00007ffe2a8c6000 	C:\Windows\system32\USER32.dll
0x00007ffe2b180000 - 0x00007ffe2b306000 	C:\Windows\system32\GDI32.dll
0x00007ffe24330000 - 0x00007ffe245a4000 	C:\Windows\WinSxS\amd64_microsoft.windows.common-controls_6595b64144ccf1df_6.0.10586.494_none_a2d8b04ea53e3145\COMCTL32.dll
0x00007ffe2adf0000 - 0x00007ffe2b06d000 	C:\Windows\system32\combase.dll
0x00007ffe2a5f0000 - 0x00007ffe2a65a000 	C:\Windows\system32\bcryptPrimitives.dll
0x00007ffe2cfb0000 - 0x00007ffe2cfeb000 	C:\Windows\system32\IMM32.DLL
0x0000000065180000 - 0x0000000065252000 	C:\Windows\Java\bin\msvcr100.dll
0x0000000063ed0000 - 0x0000000064774000 	C:\Windows\Java\bin\server\jvm.dll
0x00007ffe2a940000 - 0x00007ffe2a948000 	C:\Windows\system32\PSAPI.DLL
0x00007ffe1f4d0000 - 0x00007ffe1f4d9000 	C:\Windows\SYSTEM32\WSOCK32.dll
0x00007ffe27fb0000 - 0x00007ffe27fd3000 	C:\Windows\SYSTEM32\WINMM.dll
0x00007ffe220c0000 - 0x00007ffe220ca000 	C:\Windows\SYSTEM32\VERSION.dll
0x00007ffe2a8d0000 - 0x00007ffe2a93b000 	C:\Windows\system32\WS2_32.dll
0x0000000000f00000 - 0x0000000000f2c000 	C:\Windows\SYSTEM32\WINMMBASE.dll
0x00007ffe29910000 - 0x00007ffe29953000 	C:\Windows\system32\cfgmgr32.dll
0x0000000065170000 - 0x000000006517f000 	C:\Windows\Java\bin\verify.dll
0x0000000065140000 - 0x0000000065169000 	C:\Windows\Java\bin\java.dll
0x0000000063e20000 - 0x0000000063e55000 	C:\Windows\Java\bin\jdwp.dll
0x00000000652c0000 - 0x00000000652c8000 	C:\Windows\Java\bin\npt.dll
0x0000000065120000 - 0x0000000065136000 	C:\Windows\Java\bin\zip.dll
0x00007ffe2b7f0000 - 0x00007ffe2cd4c000 	C:\Windows\system32\SHELL32.dll
0x00007ffe29960000 - 0x00007ffe29fa5000 	C:\Windows\system32\windows.storage.dll
0x00007ffe2b530000 - 0x00007ffe2b582000 	C:\Windows\system32\shlwapi.dll
0x00007ffe298a0000 - 0x00007ffe298af000 	C:\Windows\system32\kernel.appcore.dll
0x00007ffe2a060000 - 0x00007ffe2a115000 	C:\Windows\system32\shcore.dll
0x00007ffe298b0000 - 0x00007ffe298fb000 	C:\Windows\system32\powrprof.dll
0x00007ffe29880000 - 0x00007ffe29894000 	C:\Windows\system32\profapi.dll
0x00000000652b0000 - 0x00000000652b9000 	C:\Windows\Java\bin\dt_socket.dll
0x00007ffe186d0000 - 0x00007ffe186e6000 	C:\Windows\system32\napinsp.dll
0x00007ffe18700000 - 0x00007ffe1871a000 	C:\Windows\system32\pnrpnsp.dll
0x00007ffe26ee0000 - 0x00007ffe26ef8000 	C:\Windows\system32\NLAapi.dll
0x00007ffe291b0000 - 0x00007ffe2920c000 	C:\Windows\System32\mswsock.dll
0x00007ffe282f0000 - 0x00007ffe2839a000 	C:\Windows\SYSTEM32\DNSAPI.dll
0x00007ffe2ade0000 - 0x00007ffe2ade8000 	C:\Windows\system32\NSI.dll
0x00007ffe186f0000 - 0x00007ffe186fd000 	C:\Windows\System32\winrnr.dll
0x00007ffe18720000 - 0x00007ffe18735000 	C:\Windows\System32\wshbth.dll
0x00007ffe22100000 - 0x00007ffe22167000 	C:\Windows\System32\fwpuclnt.dll
0x00007ffe297b0000 - 0x00007ffe297d9000 	C:\Windows\SYSTEM32\bcrypt.dll
0x00007ffe216f0000 - 0x00007ffe216fa000 	C:\Windows\System32\rasadhlp.dll
0x0000000063eb0000 - 0x0000000063eca000 	C:\Windows\Java\bin\net.dll
0x00007ffe29260000 - 0x00007ffe29277000 	C:\Windows\SYSTEM32\CRYPTSP.dll
0x00007ffe28e90000 - 0x00007ffe28ec4000 	C:\Windows\system32\rsaenh.dll
0x00007ffe28fe0000 - 0x00007ffe28fff000 	C:\Windows\SYSTEM32\USERENV.dll
0x00007ffe29380000 - 0x00007ffe2938b000 	C:\Windows\SYSTEM32\CRYPTBASE.dll
0x00007ffe25120000 - 0x00007ffe25158000 	C:\Windows\SYSTEM32\IPHLPAPI.DLL
0x00007ffe25100000 - 0x00007ffe25116000 	C:\Windows\SYSTEM32\dhcpcsvc6.DLL
0x00007ffe250e0000 - 0x00007ffe250fa000 	C:\Windows\SYSTEM32\dhcpcsvc.DLL
0x0000000063e90000 - 0x0000000063ea1000 	C:\Windows\Java\bin\nio.dll
0x0000000063e60000 - 0x0000000063e84000 	C:\Windows\Java\bin\sunec.dll
0x0000000065110000 - 0x000000006511b000 	C:\Windows\Java\bin\sunmscapi.dll
0x00007ffe2a420000 - 0x00007ffe2a5e8000 	C:\Windows\system32\CRYPT32.dll
0x00007ffe29900000 - 0x00007ffe29910000 	C:\Windows\system32\MSASN1.dll
0x00007ffe27050000 - 0x00007ffe271dc000 	C:\Windows\SYSTEM32\dbghelp.dll

VM Arguments:
jvm_args: -agentlib:jdwp=transport=dt_socket,suspend=y,address=localhost:60752 -ea -Dfile.encoding=Cp1252 
java_command: org.testng.remote.RemoteTestNG -serport 60751 -protocol json -d E:\Basant\Workspace\Framework\test-output C:\Users\user\AppData\Local\Temp\testng-eclipse--669956414\testng-customsuite.xml
java_class_path (initial): E:\Basant\eclipse\configuration\org.eclipse.osgi\514\0\.cp\lib\testng-remote.jar;C:\Windows\Java\lib\resources.jar;C:\Windows\Java\lib\rt.jar;C:\Windows\Java\lib\jsse.jar;C:\Windows\Java\lib\jce.jar;C:\Windows\Java\lib\charsets.jar;C:\Windows\Java\lib\jfr.jar;C:\Windows\Java\lib\ext\access-bridge-64.jar;C:\Windows\Java\lib\ext\cldrdata.jar;C:\Windows\Java\lib\ext\dnsns.jar;C:\Windows\Java\lib\ext\jaccess.jar;C:\Windows\Java\lib\ext\jfxrt.jar;C:\Windows\Java\lib\ext\localedata.jar;C:\Windows\Java\lib\ext\nashorn.jar;C:\Windows\Java\lib\ext\sunec.jar;C:\Windows\Java\lib\ext\sunjce_provider.jar;C:\Windows\Java\lib\ext\sunmscapi.jar;C:\Windows\Java\lib\ext\sunpkcs11.jar;C:\Windows\Java\lib\ext\zipfs.jar;E:\Basant\Workspace\Framework\target\test-classes;E:\Basant\Workspace\Framework\target\classes;C:\Users\user\.m2\repository\org\seleniumhq\selenium\selenium-java\3.141.59\selenium-java-3.141.59.jar;C:\Users\user\.m2\repository\org\seleniumhq\selenium\selenium-api\3.141.59\selenium-api-3.141.59.jar;C:\Users\user\.m2\repository\org\seleniumhq\selenium\selenium-chrome-driver\3.141.59\selenium-chrome-driver-3.141.59.jar;C:\Users\user\.m2\repository\org\seleniumhq\selenium\selenium-edge-driver\3.141.59\selenium-edge-driver-3.141.59.jar;C:\Users\user\.m2\repository\org\seleniumhq\selenium\selenium-firefox-driver\3.141.59\selenium-firefox-driver-3.141.59.jar;C:\Users\user\.m2\repository\org\seleniumhq\selenium\selenium-ie-driver\3.141.59\selenium-ie-driver-3.141.59.jar;C:\Users\user\.m2\repository\org\seleniumhq\selenium\selenium-opera-driver\3.141.59\selenium-opera-driver-3.141.59.jar;C:\Users\user\.m2\repository\org\seleniumhq\selenium\selenium-remote-driver\3.141.59\selenium-remote-driver-3.141.59.jar;C:\Users\user\.m2\repository\org\seleniumhq\selenium\selenium-safari-driver\3.141.59\selenium-safari-driver-3.141.59.jar;C:\Users\user\.m2\repository\org\seleniumhq\selenium\selenium-support\3.141.59\selenium-support-3.141.59.jar;C:\Users\user\.m2\r
Launcher Type: SUN_STANDARD

Environment Variables:
JAVA_HOME=C:\Program Files\Java\jdk1.7.0_80
PATH=C:/Windows/Java/bin/server;C:/Windows/Java/bin;C:/Windows/Java/lib/amd64;C:\Program Files (x86)\Common Files\Oracle\Java\javapath;C:\Windows\system32;C:\Windows;C:\Windows\System32\Wbem;C:\Windows\System32\WindowsPowerShell\v1.0\;C:\Program Files\Java\jdk1.7.0_80;C:\Users\user\AppData\Local\GitHubDesktop\bin;C:\hadoop-2.7.7\bin;C:\hadoop-2.7.7\sbin;C:\Program Files\Java\jdk1.7.0_80\bin;E:\Basant\eclipse;
USERNAME=user
OS=Windows_NT
PROCESSOR_IDENTIFIER=Intel64 Family 6 Model 78 Stepping 3, GenuineIntel



---------------  S Y S T E M  ---------------

OS: Windows 10.0 , 64 bit Build 10586 (10.0.10586.0)

CPU:total 4 (initial active 4) (2 cores per cpu, 2 threads per core) family 6 model 78 stepping 3, cmov, cx8, fxsr, mmx, sse, sse2, sse3, ssse3, sse4.1, sse4.2, popcnt, avx, avx2, aes, clmul, erms, 3dnowpref, lzcnt, ht, tsc, tscinvbit, bmi1, bmi2, adx

Memory: 4k page, physical 4109224k(698992k free), swap 6857496k(1163484k free)

vm_info: Java HotSpot(TM) 64-Bit Server VM (25.191-b12) for windows-amd64 JRE (1.8.0_191-b12), built on Oct  6 2018 09:29:03 by "java_re" with MS VC++ 10.0 (VS2010)

time: Sun Mar 15 15:36:41 2020
elapsed time: 9731 seconds (0d 2h 42m 11s)

